[2022-08-02 04:14:02] local.ERROR: [Creation Error] An error occurred while instantiating the annotation @OA\Parameter declared on : "Unexpected field "type" for @OA\Parameter(name="name",in="formData"), expecting "x", "ref", "parameter", "name", "in", "description", "required", "deprecated", "allowEmptyValue", "style", "explode", "allowReserved", "schema", "example", "examples", "content", "matrix", "label", "form", "simple", "spaceDelimited", "pipeDelimited", "deepObject" in \App\Http\Controllers\UsersController->store() in C:\xampp\htdocs\swaggertest/app\Http\Controllers\UsersController.php on line 25". {"exception":"[object] (ErrorException(code: 0): [Creation Error] An error occurred while instantiating the annotation @OA\\Parameter declared on : \"Unexpected field \"type\" for @OA\\Parameter(name=\"name\",in=\"formData\"), expecting \"x\", \"ref\", \"parameter\", \"name\", \"in\", \"description\", \"required\", \"deprecated\", \"allowEmptyValue\", \"style\", \"explode\", \"allowReserved\", \"schema\", \"example\", \"examples\", \"content\", \"matrix\", \"label\", \"form\", \"simple\", \"spaceDelimited\", \"pipeDelimited\", \"deepObject\" in \\App\\Http\\Controllers\\UsersController->store() in C:\\xampp\\htdocs\\swaggertest/app\\Http\\Controllers\\UsersController.php on line 25\". at C:\\xampp\\htdocs\\swaggertest\\vendor\\zircote\\swagger-php\\src\\Logger.php:40)
[stacktrace]
#0 C:\\xampp\\htdocs\\swaggertest\\vendor\\laravel\\lumen-framework\\src\\Concerns\\RegistersExceptionHandlers.php(47): Laravel\\Lumen\\Application->handleError(512, '[Creation Error...', 'C:\\\\xampp\\\\htdocs...', 40)
#1 [internal function]: Laravel\\Lumen\\Application->Laravel\\Lumen\\Concerns\\{closure}(512, '[Creation Error...', 'C:\\\\xampp\\\\htdocs...', 40)
#2 C:\\xampp\\htdocs\\swaggertest\\vendor\\zircote\\swagger-php\\src\\Logger.php(40): trigger_error('[Creation Error...', 512)
#3 [internal function]: OpenApi\\Logger->OpenApi\\{closure}('[Creation Error...', 512)
#4 C:\\xampp\\htdocs\\swaggertest\\vendor\\zircote\\swagger-php\\src\\Logger.php(60): call_user_func(Object(Closure), Object(Doctrine\\Common\\Annotations\\AnnotationException), 512)
#5 C:\\xampp\\htdocs\\swaggertest\\vendor\\zircote\\swagger-php\\src\\Logger\\DefaultLogger.php(22): OpenApi\\Logger::warning(Object(Doctrine\\Common\\Annotations\\AnnotationException))
#6 C:\\xampp\\htdocs\\swaggertest\\vendor\\psr\\log\\src\\LoggerTrait.php(70): OpenApi\\Logger\\DefaultLogger->log('error', Object(Doctrine\\Common\\Annotations\\AnnotationException), Array)
#7 C:\\xampp\\htdocs\\swaggertest\\vendor\\zircote\\swagger-php\\src\\Analyser.php(115): Psr\\Log\\AbstractLogger->error(Object(Doctrine\\Common\\Annotations\\AnnotationException))
#8 C:\\xampp\\htdocs\\swaggertest\\vendor\\zircote\\swagger-php\\src\\StaticAnalyser.php(397): OpenApi\\Analyser->fromComment('/**\\n     * @OA\\\\...', Object(OpenApi\\Context))
#9 C:\\xampp\\htdocs\\swaggertest\\vendor\\zircote\\swagger-php\\src\\StaticAnalyser.php(297): OpenApi\\StaticAnalyser->analyseComment(Object(OpenApi\\Analysis), Object(OpenApi\\Analyser), '/**\\n     * @OA\\\\...', Object(OpenApi\\Context))
#10 C:\\xampp\\htdocs\\swaggertest\\vendor\\zircote\\swagger-php\\src\\StaticAnalyser.php(33): OpenApi\\StaticAnalyser->fromTokens(Array, Object(OpenApi\\Context))
#11 C:\\xampp\\htdocs\\swaggertest\\vendor\\zircote\\swagger-php\\src\\Generator.php(275): OpenApi\\StaticAnalyser->fromFile('C:\\\\xampp\\\\htdocs...', Object(OpenApi\\Context))
#12 C:\\xampp\\htdocs\\swaggertest\\vendor\\zircote\\swagger-php\\src\\Generator.php(244): OpenApi\\Generator->scanSources(Object(Symfony\\Component\\Finder\\Finder), Object(OpenApi\\Analysis), Object(OpenApi\\Context))
#13 C:\\xampp\\htdocs\\swaggertest\\vendor\\zircote\\swagger-php\\src\\Generator.php(223): OpenApi\\Generator->generate(Object(Symfony\\Component\\Finder\\Finder), Object(OpenApi\\Analysis), true)
#14 C:\\xampp\\htdocs\\swaggertest\\vendor\\zircote\\swagger-php\\src\\functions.php(56): OpenApi\\Generator::scan(Object(Symfony\\Component\\Finder\\Finder), Array)
#15 C:\\xampp\\htdocs\\swaggertest\\vendor\\darkaonline\\swagger-lume\\src\\Generator.php(25): OpenApi\\scan('C:\\\\xampp\\\\htdocs...', Array)
#16 C:\\xampp\\htdocs\\swaggertest\\vendor\\darkaonline\\swagger-lume\\src\\Http\\Controllers\\SwaggerLumeController.php(41): SwaggerLume\\Generator::generateDocs()
#17 C:\\xampp\\htdocs\\swaggertest\\vendor\\illuminate\\container\\BoundMethod.php(36): SwaggerLume\\Http\\Controllers\\SwaggerLumeController->api()
#18 C:\\xampp\\htdocs\\swaggertest\\vendor\\illuminate\\container\\Util.php(41): Illuminate\\Container\\BoundMethod::Illuminate\\Container\\{closure}()
#19 C:\\xampp\\htdocs\\swaggertest\\vendor\\illuminate\\container\\BoundMethod.php(93): Illuminate\\Container\\Util::unwrapIfClosure(Object(Closure))
#20 C:\\xampp\\htdocs\\swaggertest\\vendor\\illuminate\\container\\BoundMethod.php(37): Illuminate\\Container\\BoundMethod::callBoundMethod(Object(Laravel\\Lumen\\Application), Array, Object(Closure))
#21 C:\\xampp\\htdocs\\swaggertest\\vendor\\illuminate\\container\\Container.php(651): Illuminate\\Container\\BoundMethod::call(Object(Laravel\\Lumen\\Application), Array, Array, NULL)
#22 C:\\xampp\\htdocs\\swaggertest\\vendor\\laravel\\lumen-framework\\src\\Concerns\\RoutesRequests.php(389): Illuminate\\Container\\Container->call(Array, Array)
#23 C:\\xampp\\htdocs\\swaggertest\\vendor\\laravel\\lumen-framework\\src\\Concerns\\RoutesRequests.php(355): Laravel\\Lumen\\Application->callControllerCallable(Array, Array)
#24 C:\\xampp\\htdocs\\swaggertest\\vendor\\laravel\\lumen-framework\\src\\Concerns\\RoutesRequests.php(329): Laravel\\Lumen\\Application->callLumenController(Object(SwaggerLume\\Http\\Controllers\\SwaggerLumeController), 'api', Array)
#25 C:\\xampp\\htdocs\\swaggertest\\vendor\\laravel\\lumen-framework\\src\\Concerns\\RoutesRequests.php(282): Laravel\\Lumen\\Application->callControllerAction(Array)
#26 C:\\xampp\\htdocs\\swaggertest\\vendor\\laravel\\lumen-framework\\src\\Concerns\\RoutesRequests.php(262): Laravel\\Lumen\\Application->callActionOnArrayBasedRoute(Array)
#27 C:\\xampp\\htdocs\\swaggertest\\vendor\\laravel\\lumen-framework\\src\\Concerns\\RoutesRequests.php(429): Laravel\\Lumen\\Application->Laravel\\Lumen\\Concerns\\{closure}(Object(Laravel\\Lumen\\Http\\Request))
#28 C:\\xampp\\htdocs\\swaggertest\\vendor\\laravel\\lumen-framework\\src\\Concerns\\RoutesRequests.php(263): Laravel\\Lumen\\Application->sendThroughPipeline(Array, Object(Closure))
#29 C:\\xampp\\htdocs\\swaggertest\\vendor\\laravel\\lumen-framework\\src\\Concerns\\RoutesRequests.php(169): Laravel\\Lumen\\Application->handleFoundRoute(Array)
#30 C:\\xampp\\htdocs\\swaggertest\\vendor\\laravel\\lumen-framework\\src\\Concerns\\RoutesRequests.php(429): Laravel\\Lumen\\Application->Laravel\\Lumen\\Concerns\\{closure}(Object(Laravel\\Lumen\\Http\\Request))
#31 C:\\xampp\\htdocs\\swaggertest\\vendor\\laravel\\lumen-framework\\src\\Concerns\\RoutesRequests.php(175): Laravel\\Lumen\\Application->sendThroughPipeline(Array, Object(Closure))
#32 C:\\xampp\\htdocs\\swaggertest\\vendor\\laravel\\lumen-framework\\src\\Concerns\\RoutesRequests.php(112): Laravel\\Lumen\\Application->dispatch(NULL)
#33 C:\\xampp\\htdocs\\swaggertest\\public\\index.php(28): Laravel\\Lumen\\Application->run()
#34 {main}
"} 
[2022-08-02 04:15:30] local.ERROR: $ref "#/components/schemas/" not found for @OA\JsonContent() in \App\Http\Controllers\UsersController->store() in C:\xampp\htdocs\swaggertest/app\Http\Controllers\UsersController.php on line 25 {"exception":"[object] (ErrorException(code: 0): $ref \"#/components/schemas/\" not found for @OA\\JsonContent() in \\App\\Http\\Controllers\\UsersController->store() in C:\\xampp\\htdocs\\swaggertest/app\\Http\\Controllers\\UsersController.php on line 25 at C:\\xampp\\htdocs\\swaggertest\\vendor\\zircote\\swagger-php\\src\\Logger.php:40)
[stacktrace]
#0 C:\\xampp\\htdocs\\swaggertest\\vendor\\laravel\\lumen-framework\\src\\Concerns\\RegistersExceptionHandlers.php(47): Laravel\\Lumen\\Application->handleError(512, '$ref \"#/compone...', 'C:\\\\xampp\\\\htdocs...', 40)
#1 [internal function]: Laravel\\Lumen\\Application->Laravel\\Lumen\\Concerns\\{closure}(512, '$ref \"#/compone...', 'C:\\\\xampp\\\\htdocs...', 40)
#2 C:\\xampp\\htdocs\\swaggertest\\vendor\\zircote\\swagger-php\\src\\Logger.php(40): trigger_error('$ref \"#/compone...', 512)
#3 [internal function]: OpenApi\\Logger->OpenApi\\{closure}('$ref \"#/compone...', 512)
#4 C:\\xampp\\htdocs\\swaggertest\\vendor\\zircote\\swagger-php\\src\\Logger.php(60): call_user_func(Object(Closure), '$ref \"#/compone...', 512)
#5 C:\\xampp\\htdocs\\swaggertest\\vendor\\zircote\\swagger-php\\src\\Logger\\DefaultLogger.php(22): OpenApi\\Logger::warning('$ref \"#/compone...')
#6 C:\\xampp\\htdocs\\swaggertest\\vendor\\psr\\log\\src\\LoggerTrait.php(86): OpenApi\\Logger\\DefaultLogger->log('warning', '$ref \"#/compone...', Array)
#7 C:\\xampp\\htdocs\\swaggertest\\vendor\\zircote\\swagger-php\\src\\Annotations\\AbstractAnnotation.php(415): Psr\\Log\\AbstractLogger->warning('$ref \"#/compone...', Array)
#8 C:\\xampp\\htdocs\\swaggertest\\vendor\\zircote\\swagger-php\\src\\Annotations\\Schema.php(381): OpenApi\\Annotations\\AbstractAnnotation->validate(Array, Array, 'requestBody/con...')
#9 C:\\xampp\\htdocs\\swaggertest\\vendor\\zircote\\swagger-php\\src\\Annotations\\AbstractAnnotation.php(491): OpenApi\\Annotations\\Schema->validate(Array, Array, 'requestBody/con...')
#10 C:\\xampp\\htdocs\\swaggertest\\vendor\\zircote\\swagger-php\\src\\Annotations\\AbstractAnnotation.php(462): OpenApi\\Annotations\\AbstractAnnotation::_validate(Object(OpenApi\\Annotations\\MediaType), Array, Array, 'requestBody/con...')
#11 C:\\xampp\\htdocs\\swaggertest\\vendor\\zircote\\swagger-php\\src\\Annotations\\AbstractAnnotation.php(491): OpenApi\\Annotations\\AbstractAnnotation->validate(Array, Array, 'requestBody/con...')
#12 C:\\xampp\\htdocs\\swaggertest\\vendor\\zircote\\swagger-php\\src\\Annotations\\AbstractAnnotation.php(497): OpenApi\\Annotations\\AbstractAnnotation::_validate(Array, Array, Array, 'requestBody/con...')
#13 C:\\xampp\\htdocs\\swaggertest\\vendor\\zircote\\swagger-php\\src\\Annotations\\AbstractAnnotation.php(462): OpenApi\\Annotations\\AbstractAnnotation::_validate(Object(OpenApi\\Annotations\\RequestBody), Array, Array, 'requestBody')
#14 C:\\xampp\\htdocs\\swaggertest\\vendor\\zircote\\swagger-php\\src\\Annotations\\AbstractAnnotation.php(491): OpenApi\\Annotations\\AbstractAnnotation->validate(Array, Array, 'requestBody')
#15 C:\\xampp\\htdocs\\swaggertest\\vendor\\zircote\\swagger-php\\src\\Annotations\\AbstractAnnotation.php(462): OpenApi\\Annotations\\AbstractAnnotation::_validate(Object(OpenApi\\Annotations\\Post), Array, Array, '')
#16 C:\\xampp\\htdocs\\swaggertest\\vendor\\zircote\\swagger-php\\src\\Annotations\\Operation.php(196): OpenApi\\Annotations\\AbstractAnnotation->validate(Array, Array)
#17 C:\\xampp\\htdocs\\swaggertest\\vendor\\zircote\\swagger-php\\src\\Annotations\\AbstractAnnotation.php(491): OpenApi\\Annotations\\Operation->validate(Array, Array, '#/paths/2/post')
#18 C:\\xampp\\htdocs\\swaggertest\\vendor\\zircote\\swagger-php\\src\\Annotations\\AbstractAnnotation.php(462): OpenApi\\Annotations\\AbstractAnnotation::_validate(Object(OpenApi\\Annotations\\PathItem), Array, Array, '#/paths/2')
#19 C:\\xampp\\htdocs\\swaggertest\\vendor\\zircote\\swagger-php\\src\\Annotations\\AbstractAnnotation.php(491): OpenApi\\Annotations\\AbstractAnnotation->validate(Array, Array, '#/paths/2')
#20 C:\\xampp\\htdocs\\swaggertest\\vendor\\zircote\\swagger-php\\src\\Annotations\\AbstractAnnotation.php(497): OpenApi\\Annotations\\AbstractAnnotation::_validate(Array, Array, Array, '#/paths')
#21 C:\\xampp\\htdocs\\swaggertest\\vendor\\zircote\\swagger-php\\src\\Annotations\\AbstractAnnotation.php(462): OpenApi\\Annotations\\AbstractAnnotation::_validate(Object(OpenApi\\Annotations\\OpenApi), Array, Array, '#')
#22 C:\\xampp\\htdocs\\swaggertest\\vendor\\zircote\\swagger-php\\src\\Annotations\\OpenApi.php(137): OpenApi\\Annotations\\AbstractAnnotation->validate(Array, Array, '#')
#23 C:\\xampp\\htdocs\\swaggertest\\vendor\\zircote\\swagger-php\\src\\Analysis.php(509): OpenApi\\Annotations\\OpenApi->validate()
#24 C:\\xampp\\htdocs\\swaggertest\\vendor\\zircote\\swagger-php\\src\\Generator.php(251): OpenApi\\Analysis->validate()
#25 C:\\xampp\\htdocs\\swaggertest\\vendor\\zircote\\swagger-php\\src\\Generator.php(223): OpenApi\\Generator->generate(Object(Symfony\\Component\\Finder\\Finder), Object(OpenApi\\Analysis), true)
#26 C:\\xampp\\htdocs\\swaggertest\\vendor\\zircote\\swagger-php\\src\\functions.php(56): OpenApi\\Generator::scan(Object(Symfony\\Component\\Finder\\Finder), Array)
#27 C:\\xampp\\htdocs\\swaggertest\\vendor\\darkaonline\\swagger-lume\\src\\Generator.php(25): OpenApi\\scan('C:\\\\xampp\\\\htdocs...', Array)
#28 C:\\xampp\\htdocs\\swaggertest\\vendor\\darkaonline\\swagger-lume\\src\\Http\\Controllers\\SwaggerLumeController.php(41): SwaggerLume\\Generator::generateDocs()
#29 C:\\xampp\\htdocs\\swaggertest\\vendor\\illuminate\\container\\BoundMethod.php(36): SwaggerLume\\Http\\Controllers\\SwaggerLumeController->api()
#30 C:\\xampp\\htdocs\\swaggertest\\vendor\\illuminate\\container\\Util.php(41): Illuminate\\Container\\BoundMethod::Illuminate\\Container\\{closure}()
#31 C:\\xampp\\htdocs\\swaggertest\\vendor\\illuminate\\container\\BoundMethod.php(93): Illuminate\\Container\\Util::unwrapIfClosure(Object(Closure))
#32 C:\\xampp\\htdocs\\swaggertest\\vendor\\illuminate\\container\\BoundMethod.php(37): Illuminate\\Container\\BoundMethod::callBoundMethod(Object(Laravel\\Lumen\\Application), Array, Object(Closure))
#33 C:\\xampp\\htdocs\\swaggertest\\vendor\\illuminate\\container\\Container.php(651): Illuminate\\Container\\BoundMethod::call(Object(Laravel\\Lumen\\Application), Array, Array, NULL)
#34 C:\\xampp\\htdocs\\swaggertest\\vendor\\laravel\\lumen-framework\\src\\Concerns\\RoutesRequests.php(389): Illuminate\\Container\\Container->call(Array, Array)
#35 C:\\xampp\\htdocs\\swaggertest\\vendor\\laravel\\lumen-framework\\src\\Concerns\\RoutesRequests.php(355): Laravel\\Lumen\\Application->callControllerCallable(Array, Array)
#36 C:\\xampp\\htdocs\\swaggertest\\vendor\\laravel\\lumen-framework\\src\\Concerns\\RoutesRequests.php(329): Laravel\\Lumen\\Application->callLumenController(Object(SwaggerLume\\Http\\Controllers\\SwaggerLumeController), 'api', Array)
#37 C:\\xampp\\htdocs\\swaggertest\\vendor\\laravel\\lumen-framework\\src\\Concerns\\RoutesRequests.php(282): Laravel\\Lumen\\Application->callControllerAction(Array)
#38 C:\\xampp\\htdocs\\swaggertest\\vendor\\laravel\\lumen-framework\\src\\Concerns\\RoutesRequests.php(262): Laravel\\Lumen\\Application->callActionOnArrayBasedRoute(Array)
#39 C:\\xampp\\htdocs\\swaggertest\\vendor\\laravel\\lumen-framework\\src\\Concerns\\RoutesRequests.php(429): Laravel\\Lumen\\Application->Laravel\\Lumen\\Concerns\\{closure}(Object(Laravel\\Lumen\\Http\\Request))
#40 C:\\xampp\\htdocs\\swaggertest\\vendor\\laravel\\lumen-framework\\src\\Concerns\\RoutesRequests.php(263): Laravel\\Lumen\\Application->sendThroughPipeline(Array, Object(Closure))
#41 C:\\xampp\\htdocs\\swaggertest\\vendor\\laravel\\lumen-framework\\src\\Concerns\\RoutesRequests.php(169): Laravel\\Lumen\\Application->handleFoundRoute(Array)
#42 C:\\xampp\\htdocs\\swaggertest\\vendor\\laravel\\lumen-framework\\src\\Concerns\\RoutesRequests.php(429): Laravel\\Lumen\\Application->Laravel\\Lumen\\Concerns\\{closure}(Object(Laravel\\Lumen\\Http\\Request))
#43 C:\\xampp\\htdocs\\swaggertest\\vendor\\laravel\\lumen-framework\\src\\Concerns\\RoutesRequests.php(175): Laravel\\Lumen\\Application->sendThroughPipeline(Array, Object(Closure))
#44 C:\\xampp\\htdocs\\swaggertest\\vendor\\laravel\\lumen-framework\\src\\Concerns\\RoutesRequests.php(112): Laravel\\Lumen\\Application->dispatch(NULL)
#45 C:\\xampp\\htdocs\\swaggertest\\public\\index.php(28): Laravel\\Lumen\\Application->run()
#46 {main}
"} 
[2022-08-02 04:20:52] local.ERROR: $ref "#/components/schemas/" not found for @OA\JsonContent() in \App\Http\Controllers\UsersController->store() in C:\xampp\htdocs\swaggertest/app\Http\Controllers\UsersController.php on line 25 {"exception":"[object] (ErrorException(code: 0): $ref \"#/components/schemas/\" not found for @OA\\JsonContent() in \\App\\Http\\Controllers\\UsersController->store() in C:\\xampp\\htdocs\\swaggertest/app\\Http\\Controllers\\UsersController.php on line 25 at C:\\xampp\\htdocs\\swaggertest\\vendor\\zircote\\swagger-php\\src\\Logger.php:40)
[stacktrace]
#0 C:\\xampp\\htdocs\\swaggertest\\vendor\\laravel\\lumen-framework\\src\\Concerns\\RegistersExceptionHandlers.php(47): Laravel\\Lumen\\Application->handleError(512, '$ref \"#/compone...', 'C:\\\\xampp\\\\htdocs...', 40)
#1 [internal function]: Laravel\\Lumen\\Application->Laravel\\Lumen\\Concerns\\{closure}(512, '$ref \"#/compone...', 'C:\\\\xampp\\\\htdocs...', 40)
#2 C:\\xampp\\htdocs\\swaggertest\\vendor\\zircote\\swagger-php\\src\\Logger.php(40): trigger_error('$ref \"#/compone...', 512)
#3 [internal function]: OpenApi\\Logger->OpenApi\\{closure}('$ref \"#/compone...', 512)
#4 C:\\xampp\\htdocs\\swaggertest\\vendor\\zircote\\swagger-php\\src\\Logger.php(60): call_user_func(Object(Closure), '$ref \"#/compone...', 512)
#5 C:\\xampp\\htdocs\\swaggertest\\vendor\\zircote\\swagger-php\\src\\Logger\\DefaultLogger.php(22): OpenApi\\Logger::warning('$ref \"#/compone...')
#6 C:\\xampp\\htdocs\\swaggertest\\vendor\\psr\\log\\src\\LoggerTrait.php(86): OpenApi\\Logger\\DefaultLogger->log('warning', '$ref \"#/compone...', Array)
#7 C:\\xampp\\htdocs\\swaggertest\\vendor\\zircote\\swagger-php\\src\\Annotations\\AbstractAnnotation.php(415): Psr\\Log\\AbstractLogger->warning('$ref \"#/compone...', Array)
#8 C:\\xampp\\htdocs\\swaggertest\\vendor\\zircote\\swagger-php\\src\\Annotations\\Schema.php(381): OpenApi\\Annotations\\AbstractAnnotation->validate(Array, Array, 'requestBody/con...')
#9 C:\\xampp\\htdocs\\swaggertest\\vendor\\zircote\\swagger-php\\src\\Annotations\\AbstractAnnotation.php(491): OpenApi\\Annotations\\Schema->validate(Array, Array, 'requestBody/con...')
#10 C:\\xampp\\htdocs\\swaggertest\\vendor\\zircote\\swagger-php\\src\\Annotations\\AbstractAnnotation.php(462): OpenApi\\Annotations\\AbstractAnnotation::_validate(Object(OpenApi\\Annotations\\MediaType), Array, Array, 'requestBody/con...')
#11 C:\\xampp\\htdocs\\swaggertest\\vendor\\zircote\\swagger-php\\src\\Annotations\\AbstractAnnotation.php(491): OpenApi\\Annotations\\AbstractAnnotation->validate(Array, Array, 'requestBody/con...')
#12 C:\\xampp\\htdocs\\swaggertest\\vendor\\zircote\\swagger-php\\src\\Annotations\\AbstractAnnotation.php(497): OpenApi\\Annotations\\AbstractAnnotation::_validate(Array, Array, Array, 'requestBody/con...')
#13 C:\\xampp\\htdocs\\swaggertest\\vendor\\zircote\\swagger-php\\src\\Annotations\\AbstractAnnotation.php(462): OpenApi\\Annotations\\AbstractAnnotation::_validate(Object(OpenApi\\Annotations\\RequestBody), Array, Array, 'requestBody')
#14 C:\\xampp\\htdocs\\swaggertest\\vendor\\zircote\\swagger-php\\src\\Annotations\\AbstractAnnotation.php(491): OpenApi\\Annotations\\AbstractAnnotation->validate(Array, Array, 'requestBody')
#15 C:\\xampp\\htdocs\\swaggertest\\vendor\\zircote\\swagger-php\\src\\Annotations\\AbstractAnnotation.php(462): OpenApi\\Annotations\\AbstractAnnotation::_validate(Object(OpenApi\\Annotations\\Post), Array, Array, '')
#16 C:\\xampp\\htdocs\\swaggertest\\vendor\\zircote\\swagger-php\\src\\Annotations\\Operation.php(196): OpenApi\\Annotations\\AbstractAnnotation->validate(Array, Array)
#17 C:\\xampp\\htdocs\\swaggertest\\vendor\\zircote\\swagger-php\\src\\Annotations\\AbstractAnnotation.php(491): OpenApi\\Annotations\\Operation->validate(Array, Array, '#/paths/2/post')
#18 C:\\xampp\\htdocs\\swaggertest\\vendor\\zircote\\swagger-php\\src\\Annotations\\AbstractAnnotation.php(462): OpenApi\\Annotations\\AbstractAnnotation::_validate(Object(OpenApi\\Annotations\\PathItem), Array, Array, '#/paths/2')
#19 C:\\xampp\\htdocs\\swaggertest\\vendor\\zircote\\swagger-php\\src\\Annotations\\AbstractAnnotation.php(491): OpenApi\\Annotations\\AbstractAnnotation->validate(Array, Array, '#/paths/2')
#20 C:\\xampp\\htdocs\\swaggertest\\vendor\\zircote\\swagger-php\\src\\Annotations\\AbstractAnnotation.php(497): OpenApi\\Annotations\\AbstractAnnotation::_validate(Array, Array, Array, '#/paths')
#21 C:\\xampp\\htdocs\\swaggertest\\vendor\\zircote\\swagger-php\\src\\Annotations\\AbstractAnnotation.php(462): OpenApi\\Annotations\\AbstractAnnotation::_validate(Object(OpenApi\\Annotations\\OpenApi), Array, Array, '#')
#22 C:\\xampp\\htdocs\\swaggertest\\vendor\\zircote\\swagger-php\\src\\Annotations\\OpenApi.php(137): OpenApi\\Annotations\\AbstractAnnotation->validate(Array, Array, '#')
#23 C:\\xampp\\htdocs\\swaggertest\\vendor\\zircote\\swagger-php\\src\\Analysis.php(509): OpenApi\\Annotations\\OpenApi->validate()
#24 C:\\xampp\\htdocs\\swaggertest\\vendor\\zircote\\swagger-php\\src\\Generator.php(251): OpenApi\\Analysis->validate()
#25 C:\\xampp\\htdocs\\swaggertest\\vendor\\zircote\\swagger-php\\src\\Generator.php(223): OpenApi\\Generator->generate(Object(Symfony\\Component\\Finder\\Finder), Object(OpenApi\\Analysis), true)
#26 C:\\xampp\\htdocs\\swaggertest\\vendor\\zircote\\swagger-php\\src\\functions.php(56): OpenApi\\Generator::scan(Object(Symfony\\Component\\Finder\\Finder), Array)
#27 C:\\xampp\\htdocs\\swaggertest\\vendor\\darkaonline\\swagger-lume\\src\\Generator.php(25): OpenApi\\scan('C:\\\\xampp\\\\htdocs...', Array)
#28 C:\\xampp\\htdocs\\swaggertest\\vendor\\darkaonline\\swagger-lume\\src\\Http\\Controllers\\SwaggerLumeController.php(41): SwaggerLume\\Generator::generateDocs()
#29 C:\\xampp\\htdocs\\swaggertest\\vendor\\illuminate\\container\\BoundMethod.php(36): SwaggerLume\\Http\\Controllers\\SwaggerLumeController->api()
#30 C:\\xampp\\htdocs\\swaggertest\\vendor\\illuminate\\container\\Util.php(41): Illuminate\\Container\\BoundMethod::Illuminate\\Container\\{closure}()
#31 C:\\xampp\\htdocs\\swaggertest\\vendor\\illuminate\\container\\BoundMethod.php(93): Illuminate\\Container\\Util::unwrapIfClosure(Object(Closure))
#32 C:\\xampp\\htdocs\\swaggertest\\vendor\\illuminate\\container\\BoundMethod.php(37): Illuminate\\Container\\BoundMethod::callBoundMethod(Object(Laravel\\Lumen\\Application), Array, Object(Closure))
#33 C:\\xampp\\htdocs\\swaggertest\\vendor\\illuminate\\container\\Container.php(651): Illuminate\\Container\\BoundMethod::call(Object(Laravel\\Lumen\\Application), Array, Array, NULL)
#34 C:\\xampp\\htdocs\\swaggertest\\vendor\\laravel\\lumen-framework\\src\\Concerns\\RoutesRequests.php(389): Illuminate\\Container\\Container->call(Array, Array)
#35 C:\\xampp\\htdocs\\swaggertest\\vendor\\laravel\\lumen-framework\\src\\Concerns\\RoutesRequests.php(355): Laravel\\Lumen\\Application->callControllerCallable(Array, Array)
#36 C:\\xampp\\htdocs\\swaggertest\\vendor\\laravel\\lumen-framework\\src\\Concerns\\RoutesRequests.php(329): Laravel\\Lumen\\Application->callLumenController(Object(SwaggerLume\\Http\\Controllers\\SwaggerLumeController), 'api', Array)
#37 C:\\xampp\\htdocs\\swaggertest\\vendor\\laravel\\lumen-framework\\src\\Concerns\\RoutesRequests.php(282): Laravel\\Lumen\\Application->callControllerAction(Array)
#38 C:\\xampp\\htdocs\\swaggertest\\vendor\\laravel\\lumen-framework\\src\\Concerns\\RoutesRequests.php(262): Laravel\\Lumen\\Application->callActionOnArrayBasedRoute(Array)
#39 C:\\xampp\\htdocs\\swaggertest\\vendor\\laravel\\lumen-framework\\src\\Concerns\\RoutesRequests.php(429): Laravel\\Lumen\\Application->Laravel\\Lumen\\Concerns\\{closure}(Object(Laravel\\Lumen\\Http\\Request))
#40 C:\\xampp\\htdocs\\swaggertest\\vendor\\laravel\\lumen-framework\\src\\Concerns\\RoutesRequests.php(263): Laravel\\Lumen\\Application->sendThroughPipeline(Array, Object(Closure))
#41 C:\\xampp\\htdocs\\swaggertest\\vendor\\laravel\\lumen-framework\\src\\Concerns\\RoutesRequests.php(169): Laravel\\Lumen\\Application->handleFoundRoute(Array)
#42 C:\\xampp\\htdocs\\swaggertest\\vendor\\laravel\\lumen-framework\\src\\Concerns\\RoutesRequests.php(429): Laravel\\Lumen\\Application->Laravel\\Lumen\\Concerns\\{closure}(Object(Laravel\\Lumen\\Http\\Request))
#43 C:\\xampp\\htdocs\\swaggertest\\vendor\\laravel\\lumen-framework\\src\\Concerns\\RoutesRequests.php(175): Laravel\\Lumen\\Application->sendThroughPipeline(Array, Object(Closure))
#44 C:\\xampp\\htdocs\\swaggertest\\vendor\\laravel\\lumen-framework\\src\\Concerns\\RoutesRequests.php(112): Laravel\\Lumen\\Application->dispatch(NULL)
#45 C:\\xampp\\htdocs\\swaggertest\\public\\index.php(28): Laravel\\Lumen\\Application->run()
#46 {main}
"} 
[2022-08-02 04:22:25] local.ERROR: $ref "#/components/schemas/" not found for @OA\JsonContent() in \App\Http\Controllers\UsersController->store() in C:\xampp\htdocs\swaggertest/app\Http\Controllers\UsersController.php on line 25 {"exception":"[object] (ErrorException(code: 0): $ref \"#/components/schemas/\" not found for @OA\\JsonContent() in \\App\\Http\\Controllers\\UsersController->store() in C:\\xampp\\htdocs\\swaggertest/app\\Http\\Controllers\\UsersController.php on line 25 at C:\\xampp\\htdocs\\swaggertest\\vendor\\zircote\\swagger-php\\src\\Logger.php:40)
[stacktrace]
#0 C:\\xampp\\htdocs\\swaggertest\\vendor\\laravel\\lumen-framework\\src\\Concerns\\RegistersExceptionHandlers.php(47): Laravel\\Lumen\\Application->handleError(512, '$ref \"#/compone...', 'C:\\\\xampp\\\\htdocs...', 40)
#1 [internal function]: Laravel\\Lumen\\Application->Laravel\\Lumen\\Concerns\\{closure}(512, '$ref \"#/compone...', 'C:\\\\xampp\\\\htdocs...', 40)
#2 C:\\xampp\\htdocs\\swaggertest\\vendor\\zircote\\swagger-php\\src\\Logger.php(40): trigger_error('$ref \"#/compone...', 512)
#3 [internal function]: OpenApi\\Logger->OpenApi\\{closure}('$ref \"#/compone...', 512)
#4 C:\\xampp\\htdocs\\swaggertest\\vendor\\zircote\\swagger-php\\src\\Logger.php(60): call_user_func(Object(Closure), '$ref \"#/compone...', 512)
#5 C:\\xampp\\htdocs\\swaggertest\\vendor\\zircote\\swagger-php\\src\\Logger\\DefaultLogger.php(22): OpenApi\\Logger::warning('$ref \"#/compone...')
#6 C:\\xampp\\htdocs\\swaggertest\\vendor\\psr\\log\\src\\LoggerTrait.php(86): OpenApi\\Logger\\DefaultLogger->log('warning', '$ref \"#/compone...', Array)
#7 C:\\xampp\\htdocs\\swaggertest\\vendor\\zircote\\swagger-php\\src\\Annotations\\AbstractAnnotation.php(415): Psr\\Log\\AbstractLogger->warning('$ref \"#/compone...', Array)
#8 C:\\xampp\\htdocs\\swaggertest\\vendor\\zircote\\swagger-php\\src\\Annotations\\Schema.php(381): OpenApi\\Annotations\\AbstractAnnotation->validate(Array, Array, 'requestBody/con...')
#9 C:\\xampp\\htdocs\\swaggertest\\vendor\\zircote\\swagger-php\\src\\Annotations\\AbstractAnnotation.php(491): OpenApi\\Annotations\\Schema->validate(Array, Array, 'requestBody/con...')
#10 C:\\xampp\\htdocs\\swaggertest\\vendor\\zircote\\swagger-php\\src\\Annotations\\AbstractAnnotation.php(462): OpenApi\\Annotations\\AbstractAnnotation::_validate(Object(OpenApi\\Annotations\\MediaType), Array, Array, 'requestBody/con...')
#11 C:\\xampp\\htdocs\\swaggertest\\vendor\\zircote\\swagger-php\\src\\Annotations\\AbstractAnnotation.php(491): OpenApi\\Annotations\\AbstractAnnotation->validate(Array, Array, 'requestBody/con...')
#12 C:\\xampp\\htdocs\\swaggertest\\vendor\\zircote\\swagger-php\\src\\Annotations\\AbstractAnnotation.php(497): OpenApi\\Annotations\\AbstractAnnotation::_validate(Array, Array, Array, 'requestBody/con...')
#13 C:\\xampp\\htdocs\\swaggertest\\vendor\\zircote\\swagger-php\\src\\Annotations\\AbstractAnnotation.php(462): OpenApi\\Annotations\\AbstractAnnotation::_validate(Object(OpenApi\\Annotations\\RequestBody), Array, Array, 'requestBody')
#14 C:\\xampp\\htdocs\\swaggertest\\vendor\\zircote\\swagger-php\\src\\Annotations\\AbstractAnnotation.php(491): OpenApi\\Annotations\\AbstractAnnotation->validate(Array, Array, 'requestBody')
#15 C:\\xampp\\htdocs\\swaggertest\\vendor\\zircote\\swagger-php\\src\\Annotations\\AbstractAnnotation.php(462): OpenApi\\Annotations\\AbstractAnnotation::_validate(Object(OpenApi\\Annotations\\Post), Array, Array, '')
#16 C:\\xampp\\htdocs\\swaggertest\\vendor\\zircote\\swagger-php\\src\\Annotations\\Operation.php(196): OpenApi\\Annotations\\AbstractAnnotation->validate(Array, Array)
#17 C:\\xampp\\htdocs\\swaggertest\\vendor\\zircote\\swagger-php\\src\\Annotations\\AbstractAnnotation.php(491): OpenApi\\Annotations\\Operation->validate(Array, Array, '#/paths/2/post')
#18 C:\\xampp\\htdocs\\swaggertest\\vendor\\zircote\\swagger-php\\src\\Annotations\\AbstractAnnotation.php(462): OpenApi\\Annotations\\AbstractAnnotation::_validate(Object(OpenApi\\Annotations\\PathItem), Array, Array, '#/paths/2')
#19 C:\\xampp\\htdocs\\swaggertest\\vendor\\zircote\\swagger-php\\src\\Annotations\\AbstractAnnotation.php(491): OpenApi\\Annotations\\AbstractAnnotation->validate(Array, Array, '#/paths/2')
#20 C:\\xampp\\htdocs\\swaggertest\\vendor\\zircote\\swagger-php\\src\\Annotations\\AbstractAnnotation.php(497): OpenApi\\Annotations\\AbstractAnnotation::_validate(Array, Array, Array, '#/paths')
#21 C:\\xampp\\htdocs\\swaggertest\\vendor\\zircote\\swagger-php\\src\\Annotations\\AbstractAnnotation.php(462): OpenApi\\Annotations\\AbstractAnnotation::_validate(Object(OpenApi\\Annotations\\OpenApi), Array, Array, '#')
#22 C:\\xampp\\htdocs\\swaggertest\\vendor\\zircote\\swagger-php\\src\\Annotations\\OpenApi.php(137): OpenApi\\Annotations\\AbstractAnnotation->validate(Array, Array, '#')
#23 C:\\xampp\\htdocs\\swaggertest\\vendor\\zircote\\swagger-php\\src\\Analysis.php(509): OpenApi\\Annotations\\OpenApi->validate()
#24 C:\\xampp\\htdocs\\swaggertest\\vendor\\zircote\\swagger-php\\src\\Generator.php(251): OpenApi\\Analysis->validate()
#25 C:\\xampp\\htdocs\\swaggertest\\vendor\\zircote\\swagger-php\\src\\Generator.php(223): OpenApi\\Generator->generate(Object(Symfony\\Component\\Finder\\Finder), Object(OpenApi\\Analysis), true)
#26 C:\\xampp\\htdocs\\swaggertest\\vendor\\zircote\\swagger-php\\src\\functions.php(56): OpenApi\\Generator::scan(Object(Symfony\\Component\\Finder\\Finder), Array)
#27 C:\\xampp\\htdocs\\swaggertest\\vendor\\darkaonline\\swagger-lume\\src\\Generator.php(25): OpenApi\\scan('C:\\\\xampp\\\\htdocs...', Array)
#28 C:\\xampp\\htdocs\\swaggertest\\vendor\\darkaonline\\swagger-lume\\src\\Http\\Controllers\\SwaggerLumeController.php(41): SwaggerLume\\Generator::generateDocs()
#29 C:\\xampp\\htdocs\\swaggertest\\vendor\\illuminate\\container\\BoundMethod.php(36): SwaggerLume\\Http\\Controllers\\SwaggerLumeController->api()
#30 C:\\xampp\\htdocs\\swaggertest\\vendor\\illuminate\\container\\Util.php(41): Illuminate\\Container\\BoundMethod::Illuminate\\Container\\{closure}()
#31 C:\\xampp\\htdocs\\swaggertest\\vendor\\illuminate\\container\\BoundMethod.php(93): Illuminate\\Container\\Util::unwrapIfClosure(Object(Closure))
#32 C:\\xampp\\htdocs\\swaggertest\\vendor\\illuminate\\container\\BoundMethod.php(37): Illuminate\\Container\\BoundMethod::callBoundMethod(Object(Laravel\\Lumen\\Application), Array, Object(Closure))
#33 C:\\xampp\\htdocs\\swaggertest\\vendor\\illuminate\\container\\Container.php(651): Illuminate\\Container\\BoundMethod::call(Object(Laravel\\Lumen\\Application), Array, Array, NULL)
#34 C:\\xampp\\htdocs\\swaggertest\\vendor\\laravel\\lumen-framework\\src\\Concerns\\RoutesRequests.php(389): Illuminate\\Container\\Container->call(Array, Array)
#35 C:\\xampp\\htdocs\\swaggertest\\vendor\\laravel\\lumen-framework\\src\\Concerns\\RoutesRequests.php(355): Laravel\\Lumen\\Application->callControllerCallable(Array, Array)
#36 C:\\xampp\\htdocs\\swaggertest\\vendor\\laravel\\lumen-framework\\src\\Concerns\\RoutesRequests.php(329): Laravel\\Lumen\\Application->callLumenController(Object(SwaggerLume\\Http\\Controllers\\SwaggerLumeController), 'api', Array)
#37 C:\\xampp\\htdocs\\swaggertest\\vendor\\laravel\\lumen-framework\\src\\Concerns\\RoutesRequests.php(282): Laravel\\Lumen\\Application->callControllerAction(Array)
#38 C:\\xampp\\htdocs\\swaggertest\\vendor\\laravel\\lumen-framework\\src\\Concerns\\RoutesRequests.php(262): Laravel\\Lumen\\Application->callActionOnArrayBasedRoute(Array)
#39 C:\\xampp\\htdocs\\swaggertest\\vendor\\laravel\\lumen-framework\\src\\Concerns\\RoutesRequests.php(429): Laravel\\Lumen\\Application->Laravel\\Lumen\\Concerns\\{closure}(Object(Laravel\\Lumen\\Http\\Request))
#40 C:\\xampp\\htdocs\\swaggertest\\vendor\\laravel\\lumen-framework\\src\\Concerns\\RoutesRequests.php(263): Laravel\\Lumen\\Application->sendThroughPipeline(Array, Object(Closure))
#41 C:\\xampp\\htdocs\\swaggertest\\vendor\\laravel\\lumen-framework\\src\\Concerns\\RoutesRequests.php(169): Laravel\\Lumen\\Application->handleFoundRoute(Array)
#42 C:\\xampp\\htdocs\\swaggertest\\vendor\\laravel\\lumen-framework\\src\\Concerns\\RoutesRequests.php(429): Laravel\\Lumen\\Application->Laravel\\Lumen\\Concerns\\{closure}(Object(Laravel\\Lumen\\Http\\Request))
#43 C:\\xampp\\htdocs\\swaggertest\\vendor\\laravel\\lumen-framework\\src\\Concerns\\RoutesRequests.php(175): Laravel\\Lumen\\Application->sendThroughPipeline(Array, Object(Closure))
#44 C:\\xampp\\htdocs\\swaggertest\\vendor\\laravel\\lumen-framework\\src\\Concerns\\RoutesRequests.php(112): Laravel\\Lumen\\Application->dispatch(NULL)
#45 C:\\xampp\\htdocs\\swaggertest\\public\\index.php(28): Laravel\\Lumen\\Application->run()
#46 {main}
"} 
[2022-08-02 04:24:10] local.ERROR: $ref "#/components/schemas/" not found for @OA\JsonContent() in \App\Http\Controllers\UsersController->store() in C:\xampp\htdocs\swaggertest/app\Http\Controllers\UsersController.php on line 25 {"exception":"[object] (ErrorException(code: 0): $ref \"#/components/schemas/\" not found for @OA\\JsonContent() in \\App\\Http\\Controllers\\UsersController->store() in C:\\xampp\\htdocs\\swaggertest/app\\Http\\Controllers\\UsersController.php on line 25 at C:\\xampp\\htdocs\\swaggertest\\vendor\\zircote\\swagger-php\\src\\Logger.php:40)
[stacktrace]
#0 C:\\xampp\\htdocs\\swaggertest\\vendor\\laravel\\lumen-framework\\src\\Concerns\\RegistersExceptionHandlers.php(47): Laravel\\Lumen\\Application->handleError(512, '$ref \"#/compone...', 'C:\\\\xampp\\\\htdocs...', 40)
#1 [internal function]: Laravel\\Lumen\\Application->Laravel\\Lumen\\Concerns\\{closure}(512, '$ref \"#/compone...', 'C:\\\\xampp\\\\htdocs...', 40)
#2 C:\\xampp\\htdocs\\swaggertest\\vendor\\zircote\\swagger-php\\src\\Logger.php(40): trigger_error('$ref \"#/compone...', 512)
#3 [internal function]: OpenApi\\Logger->OpenApi\\{closure}('$ref \"#/compone...', 512)
#4 C:\\xampp\\htdocs\\swaggertest\\vendor\\zircote\\swagger-php\\src\\Logger.php(60): call_user_func(Object(Closure), '$ref \"#/compone...', 512)
#5 C:\\xampp\\htdocs\\swaggertest\\vendor\\zircote\\swagger-php\\src\\Logger\\DefaultLogger.php(22): OpenApi\\Logger::warning('$ref \"#/compone...')
#6 C:\\xampp\\htdocs\\swaggertest\\vendor\\psr\\log\\src\\LoggerTrait.php(86): OpenApi\\Logger\\DefaultLogger->log('warning', '$ref \"#/compone...', Array)
#7 C:\\xampp\\htdocs\\swaggertest\\vendor\\zircote\\swagger-php\\src\\Annotations\\AbstractAnnotation.php(415): Psr\\Log\\AbstractLogger->warning('$ref \"#/compone...', Array)
#8 C:\\xampp\\htdocs\\swaggertest\\vendor\\zircote\\swagger-php\\src\\Annotations\\Schema.php(381): OpenApi\\Annotations\\AbstractAnnotation->validate(Array, Array, 'requestBody/con...')
#9 C:\\xampp\\htdocs\\swaggertest\\vendor\\zircote\\swagger-php\\src\\Annotations\\AbstractAnnotation.php(491): OpenApi\\Annotations\\Schema->validate(Array, Array, 'requestBody/con...')
#10 C:\\xampp\\htdocs\\swaggertest\\vendor\\zircote\\swagger-php\\src\\Annotations\\AbstractAnnotation.php(462): OpenApi\\Annotations\\AbstractAnnotation::_validate(Object(OpenApi\\Annotations\\MediaType), Array, Array, 'requestBody/con...')
#11 C:\\xampp\\htdocs\\swaggertest\\vendor\\zircote\\swagger-php\\src\\Annotations\\AbstractAnnotation.php(491): OpenApi\\Annotations\\AbstractAnnotation->validate(Array, Array, 'requestBody/con...')
#12 C:\\xampp\\htdocs\\swaggertest\\vendor\\zircote\\swagger-php\\src\\Annotations\\AbstractAnnotation.php(497): OpenApi\\Annotations\\AbstractAnnotation::_validate(Array, Array, Array, 'requestBody/con...')
#13 C:\\xampp\\htdocs\\swaggertest\\vendor\\zircote\\swagger-php\\src\\Annotations\\AbstractAnnotation.php(462): OpenApi\\Annotations\\AbstractAnnotation::_validate(Object(OpenApi\\Annotations\\RequestBody), Array, Array, 'requestBody')
#14 C:\\xampp\\htdocs\\swaggertest\\vendor\\zircote\\swagger-php\\src\\Annotations\\AbstractAnnotation.php(491): OpenApi\\Annotations\\AbstractAnnotation->validate(Array, Array, 'requestBody')
#15 C:\\xampp\\htdocs\\swaggertest\\vendor\\zircote\\swagger-php\\src\\Annotations\\AbstractAnnotation.php(462): OpenApi\\Annotations\\AbstractAnnotation::_validate(Object(OpenApi\\Annotations\\Post), Array, Array, '')
#16 C:\\xampp\\htdocs\\swaggertest\\vendor\\zircote\\swagger-php\\src\\Annotations\\Operation.php(196): OpenApi\\Annotations\\AbstractAnnotation->validate(Array, Array)
#17 C:\\xampp\\htdocs\\swaggertest\\vendor\\zircote\\swagger-php\\src\\Annotations\\AbstractAnnotation.php(491): OpenApi\\Annotations\\Operation->validate(Array, Array, '#/paths/2/post')
#18 C:\\xampp\\htdocs\\swaggertest\\vendor\\zircote\\swagger-php\\src\\Annotations\\AbstractAnnotation.php(462): OpenApi\\Annotations\\AbstractAnnotation::_validate(Object(OpenApi\\Annotations\\PathItem), Array, Array, '#/paths/2')
#19 C:\\xampp\\htdocs\\swaggertest\\vendor\\zircote\\swagger-php\\src\\Annotations\\AbstractAnnotation.php(491): OpenApi\\Annotations\\AbstractAnnotation->validate(Array, Array, '#/paths/2')
#20 C:\\xampp\\htdocs\\swaggertest\\vendor\\zircote\\swagger-php\\src\\Annotations\\AbstractAnnotation.php(497): OpenApi\\Annotations\\AbstractAnnotation::_validate(Array, Array, Array, '#/paths')
#21 C:\\xampp\\htdocs\\swaggertest\\vendor\\zircote\\swagger-php\\src\\Annotations\\AbstractAnnotation.php(462): OpenApi\\Annotations\\AbstractAnnotation::_validate(Object(OpenApi\\Annotations\\OpenApi), Array, Array, '#')
#22 C:\\xampp\\htdocs\\swaggertest\\vendor\\zircote\\swagger-php\\src\\Annotations\\OpenApi.php(137): OpenApi\\Annotations\\AbstractAnnotation->validate(Array, Array, '#')
#23 C:\\xampp\\htdocs\\swaggertest\\vendor\\zircote\\swagger-php\\src\\Analysis.php(509): OpenApi\\Annotations\\OpenApi->validate()
#24 C:\\xampp\\htdocs\\swaggertest\\vendor\\zircote\\swagger-php\\src\\Generator.php(251): OpenApi\\Analysis->validate()
#25 C:\\xampp\\htdocs\\swaggertest\\vendor\\zircote\\swagger-php\\src\\Generator.php(223): OpenApi\\Generator->generate(Object(Symfony\\Component\\Finder\\Finder), Object(OpenApi\\Analysis), true)
#26 C:\\xampp\\htdocs\\swaggertest\\vendor\\zircote\\swagger-php\\src\\functions.php(56): OpenApi\\Generator::scan(Object(Symfony\\Component\\Finder\\Finder), Array)
#27 C:\\xampp\\htdocs\\swaggertest\\vendor\\darkaonline\\swagger-lume\\src\\Generator.php(25): OpenApi\\scan('C:\\\\xampp\\\\htdocs...', Array)
#28 C:\\xampp\\htdocs\\swaggertest\\vendor\\darkaonline\\swagger-lume\\src\\Http\\Controllers\\SwaggerLumeController.php(41): SwaggerLume\\Generator::generateDocs()
#29 C:\\xampp\\htdocs\\swaggertest\\vendor\\illuminate\\container\\BoundMethod.php(36): SwaggerLume\\Http\\Controllers\\SwaggerLumeController->api()
#30 C:\\xampp\\htdocs\\swaggertest\\vendor\\illuminate\\container\\Util.php(41): Illuminate\\Container\\BoundMethod::Illuminate\\Container\\{closure}()
#31 C:\\xampp\\htdocs\\swaggertest\\vendor\\illuminate\\container\\BoundMethod.php(93): Illuminate\\Container\\Util::unwrapIfClosure(Object(Closure))
#32 C:\\xampp\\htdocs\\swaggertest\\vendor\\illuminate\\container\\BoundMethod.php(37): Illuminate\\Container\\BoundMethod::callBoundMethod(Object(Laravel\\Lumen\\Application), Array, Object(Closure))
#33 C:\\xampp\\htdocs\\swaggertest\\vendor\\illuminate\\container\\Container.php(651): Illuminate\\Container\\BoundMethod::call(Object(Laravel\\Lumen\\Application), Array, Array, NULL)
#34 C:\\xampp\\htdocs\\swaggertest\\vendor\\laravel\\lumen-framework\\src\\Concerns\\RoutesRequests.php(389): Illuminate\\Container\\Container->call(Array, Array)
#35 C:\\xampp\\htdocs\\swaggertest\\vendor\\laravel\\lumen-framework\\src\\Concerns\\RoutesRequests.php(355): Laravel\\Lumen\\Application->callControllerCallable(Array, Array)
#36 C:\\xampp\\htdocs\\swaggertest\\vendor\\laravel\\lumen-framework\\src\\Concerns\\RoutesRequests.php(329): Laravel\\Lumen\\Application->callLumenController(Object(SwaggerLume\\Http\\Controllers\\SwaggerLumeController), 'api', Array)
#37 C:\\xampp\\htdocs\\swaggertest\\vendor\\laravel\\lumen-framework\\src\\Concerns\\RoutesRequests.php(282): Laravel\\Lumen\\Application->callControllerAction(Array)
#38 C:\\xampp\\htdocs\\swaggertest\\vendor\\laravel\\lumen-framework\\src\\Concerns\\RoutesRequests.php(262): Laravel\\Lumen\\Application->callActionOnArrayBasedRoute(Array)
#39 C:\\xampp\\htdocs\\swaggertest\\vendor\\laravel\\lumen-framework\\src\\Concerns\\RoutesRequests.php(429): Laravel\\Lumen\\Application->Laravel\\Lumen\\Concerns\\{closure}(Object(Laravel\\Lumen\\Http\\Request))
#40 C:\\xampp\\htdocs\\swaggertest\\vendor\\laravel\\lumen-framework\\src\\Concerns\\RoutesRequests.php(263): Laravel\\Lumen\\Application->sendThroughPipeline(Array, Object(Closure))
#41 C:\\xampp\\htdocs\\swaggertest\\vendor\\laravel\\lumen-framework\\src\\Concerns\\RoutesRequests.php(169): Laravel\\Lumen\\Application->handleFoundRoute(Array)
#42 C:\\xampp\\htdocs\\swaggertest\\vendor\\laravel\\lumen-framework\\src\\Concerns\\RoutesRequests.php(429): Laravel\\Lumen\\Application->Laravel\\Lumen\\Concerns\\{closure}(Object(Laravel\\Lumen\\Http\\Request))
#43 C:\\xampp\\htdocs\\swaggertest\\vendor\\laravel\\lumen-framework\\src\\Concerns\\RoutesRequests.php(175): Laravel\\Lumen\\Application->sendThroughPipeline(Array, Object(Closure))
#44 C:\\xampp\\htdocs\\swaggertest\\vendor\\laravel\\lumen-framework\\src\\Concerns\\RoutesRequests.php(112): Laravel\\Lumen\\Application->dispatch(NULL)
#45 C:\\xampp\\htdocs\\swaggertest\\public\\index.php(28): Laravel\\Lumen\\Application->run()
#46 {main}
"} 
[2022-08-02 04:25:18] local.ERROR: $ref "#/components/schemas/" not found for @OA\JsonContent() in \App\Http\Controllers\UsersController->store() in C:\xampp\htdocs\swaggertest/app\Http\Controllers\UsersController.php on line 25 {"exception":"[object] (ErrorException(code: 0): $ref \"#/components/schemas/\" not found for @OA\\JsonContent() in \\App\\Http\\Controllers\\UsersController->store() in C:\\xampp\\htdocs\\swaggertest/app\\Http\\Controllers\\UsersController.php on line 25 at C:\\xampp\\htdocs\\swaggertest\\vendor\\zircote\\swagger-php\\src\\Logger.php:40)
[stacktrace]
#0 C:\\xampp\\htdocs\\swaggertest\\vendor\\laravel\\lumen-framework\\src\\Concerns\\RegistersExceptionHandlers.php(47): Laravel\\Lumen\\Application->handleError(512, '$ref \"#/compone...', 'C:\\\\xampp\\\\htdocs...', 40)
#1 [internal function]: Laravel\\Lumen\\Application->Laravel\\Lumen\\Concerns\\{closure}(512, '$ref \"#/compone...', 'C:\\\\xampp\\\\htdocs...', 40)
#2 C:\\xampp\\htdocs\\swaggertest\\vendor\\zircote\\swagger-php\\src\\Logger.php(40): trigger_error('$ref \"#/compone...', 512)
#3 [internal function]: OpenApi\\Logger->OpenApi\\{closure}('$ref \"#/compone...', 512)
#4 C:\\xampp\\htdocs\\swaggertest\\vendor\\zircote\\swagger-php\\src\\Logger.php(60): call_user_func(Object(Closure), '$ref \"#/compone...', 512)
#5 C:\\xampp\\htdocs\\swaggertest\\vendor\\zircote\\swagger-php\\src\\Logger\\DefaultLogger.php(22): OpenApi\\Logger::warning('$ref \"#/compone...')
#6 C:\\xampp\\htdocs\\swaggertest\\vendor\\psr\\log\\src\\LoggerTrait.php(86): OpenApi\\Logger\\DefaultLogger->log('warning', '$ref \"#/compone...', Array)
#7 C:\\xampp\\htdocs\\swaggertest\\vendor\\zircote\\swagger-php\\src\\Annotations\\AbstractAnnotation.php(415): Psr\\Log\\AbstractLogger->warning('$ref \"#/compone...', Array)
#8 C:\\xampp\\htdocs\\swaggertest\\vendor\\zircote\\swagger-php\\src\\Annotations\\Schema.php(381): OpenApi\\Annotations\\AbstractAnnotation->validate(Array, Array, 'requestBody/con...')
#9 C:\\xampp\\htdocs\\swaggertest\\vendor\\zircote\\swagger-php\\src\\Annotations\\AbstractAnnotation.php(491): OpenApi\\Annotations\\Schema->validate(Array, Array, 'requestBody/con...')
#10 C:\\xampp\\htdocs\\swaggertest\\vendor\\zircote\\swagger-php\\src\\Annotations\\AbstractAnnotation.php(462): OpenApi\\Annotations\\AbstractAnnotation::_validate(Object(OpenApi\\Annotations\\MediaType), Array, Array, 'requestBody/con...')
#11 C:\\xampp\\htdocs\\swaggertest\\vendor\\zircote\\swagger-php\\src\\Annotations\\AbstractAnnotation.php(491): OpenApi\\Annotations\\AbstractAnnotation->validate(Array, Array, 'requestBody/con...')
#12 C:\\xampp\\htdocs\\swaggertest\\vendor\\zircote\\swagger-php\\src\\Annotations\\AbstractAnnotation.php(497): OpenApi\\Annotations\\AbstractAnnotation::_validate(Array, Array, Array, 'requestBody/con...')
#13 C:\\xampp\\htdocs\\swaggertest\\vendor\\zircote\\swagger-php\\src\\Annotations\\AbstractAnnotation.php(462): OpenApi\\Annotations\\AbstractAnnotation::_validate(Object(OpenApi\\Annotations\\RequestBody), Array, Array, 'requestBody')
#14 C:\\xampp\\htdocs\\swaggertest\\vendor\\zircote\\swagger-php\\src\\Annotations\\AbstractAnnotation.php(491): OpenApi\\Annotations\\AbstractAnnotation->validate(Array, Array, 'requestBody')
#15 C:\\xampp\\htdocs\\swaggertest\\vendor\\zircote\\swagger-php\\src\\Annotations\\AbstractAnnotation.php(462): OpenApi\\Annotations\\AbstractAnnotation::_validate(Object(OpenApi\\Annotations\\Post), Array, Array, '')
#16 C:\\xampp\\htdocs\\swaggertest\\vendor\\zircote\\swagger-php\\src\\Annotations\\Operation.php(196): OpenApi\\Annotations\\AbstractAnnotation->validate(Array, Array)
#17 C:\\xampp\\htdocs\\swaggertest\\vendor\\zircote\\swagger-php\\src\\Annotations\\AbstractAnnotation.php(491): OpenApi\\Annotations\\Operation->validate(Array, Array, '#/paths/2/post')
#18 C:\\xampp\\htdocs\\swaggertest\\vendor\\zircote\\swagger-php\\src\\Annotations\\AbstractAnnotation.php(462): OpenApi\\Annotations\\AbstractAnnotation::_validate(Object(OpenApi\\Annotations\\PathItem), Array, Array, '#/paths/2')
#19 C:\\xampp\\htdocs\\swaggertest\\vendor\\zircote\\swagger-php\\src\\Annotations\\AbstractAnnotation.php(491): OpenApi\\Annotations\\AbstractAnnotation->validate(Array, Array, '#/paths/2')
#20 C:\\xampp\\htdocs\\swaggertest\\vendor\\zircote\\swagger-php\\src\\Annotations\\AbstractAnnotation.php(497): OpenApi\\Annotations\\AbstractAnnotation::_validate(Array, Array, Array, '#/paths')
#21 C:\\xampp\\htdocs\\swaggertest\\vendor\\zircote\\swagger-php\\src\\Annotations\\AbstractAnnotation.php(462): OpenApi\\Annotations\\AbstractAnnotation::_validate(Object(OpenApi\\Annotations\\OpenApi), Array, Array, '#')
#22 C:\\xampp\\htdocs\\swaggertest\\vendor\\zircote\\swagger-php\\src\\Annotations\\OpenApi.php(137): OpenApi\\Annotations\\AbstractAnnotation->validate(Array, Array, '#')
#23 C:\\xampp\\htdocs\\swaggertest\\vendor\\zircote\\swagger-php\\src\\Analysis.php(509): OpenApi\\Annotations\\OpenApi->validate()
#24 C:\\xampp\\htdocs\\swaggertest\\vendor\\zircote\\swagger-php\\src\\Generator.php(251): OpenApi\\Analysis->validate()
#25 C:\\xampp\\htdocs\\swaggertest\\vendor\\zircote\\swagger-php\\src\\Generator.php(223): OpenApi\\Generator->generate(Object(Symfony\\Component\\Finder\\Finder), Object(OpenApi\\Analysis), true)
#26 C:\\xampp\\htdocs\\swaggertest\\vendor\\zircote\\swagger-php\\src\\functions.php(56): OpenApi\\Generator::scan(Object(Symfony\\Component\\Finder\\Finder), Array)
#27 C:\\xampp\\htdocs\\swaggertest\\vendor\\darkaonline\\swagger-lume\\src\\Generator.php(25): OpenApi\\scan('C:\\\\xampp\\\\htdocs...', Array)
#28 C:\\xampp\\htdocs\\swaggertest\\vendor\\darkaonline\\swagger-lume\\src\\Http\\Controllers\\SwaggerLumeController.php(41): SwaggerLume\\Generator::generateDocs()
#29 C:\\xampp\\htdocs\\swaggertest\\vendor\\illuminate\\container\\BoundMethod.php(36): SwaggerLume\\Http\\Controllers\\SwaggerLumeController->api()
#30 C:\\xampp\\htdocs\\swaggertest\\vendor\\illuminate\\container\\Util.php(41): Illuminate\\Container\\BoundMethod::Illuminate\\Container\\{closure}()
#31 C:\\xampp\\htdocs\\swaggertest\\vendor\\illuminate\\container\\BoundMethod.php(93): Illuminate\\Container\\Util::unwrapIfClosure(Object(Closure))
#32 C:\\xampp\\htdocs\\swaggertest\\vendor\\illuminate\\container\\BoundMethod.php(37): Illuminate\\Container\\BoundMethod::callBoundMethod(Object(Laravel\\Lumen\\Application), Array, Object(Closure))
#33 C:\\xampp\\htdocs\\swaggertest\\vendor\\illuminate\\container\\Container.php(651): Illuminate\\Container\\BoundMethod::call(Object(Laravel\\Lumen\\Application), Array, Array, NULL)
#34 C:\\xampp\\htdocs\\swaggertest\\vendor\\laravel\\lumen-framework\\src\\Concerns\\RoutesRequests.php(389): Illuminate\\Container\\Container->call(Array, Array)
#35 C:\\xampp\\htdocs\\swaggertest\\vendor\\laravel\\lumen-framework\\src\\Concerns\\RoutesRequests.php(355): Laravel\\Lumen\\Application->callControllerCallable(Array, Array)
#36 C:\\xampp\\htdocs\\swaggertest\\vendor\\laravel\\lumen-framework\\src\\Concerns\\RoutesRequests.php(329): Laravel\\Lumen\\Application->callLumenController(Object(SwaggerLume\\Http\\Controllers\\SwaggerLumeController), 'api', Array)
#37 C:\\xampp\\htdocs\\swaggertest\\vendor\\laravel\\lumen-framework\\src\\Concerns\\RoutesRequests.php(282): Laravel\\Lumen\\Application->callControllerAction(Array)
#38 C:\\xampp\\htdocs\\swaggertest\\vendor\\laravel\\lumen-framework\\src\\Concerns\\RoutesRequests.php(262): Laravel\\Lumen\\Application->callActionOnArrayBasedRoute(Array)
#39 C:\\xampp\\htdocs\\swaggertest\\vendor\\laravel\\lumen-framework\\src\\Concerns\\RoutesRequests.php(429): Laravel\\Lumen\\Application->Laravel\\Lumen\\Concerns\\{closure}(Object(Laravel\\Lumen\\Http\\Request))
#40 C:\\xampp\\htdocs\\swaggertest\\vendor\\laravel\\lumen-framework\\src\\Concerns\\RoutesRequests.php(263): Laravel\\Lumen\\Application->sendThroughPipeline(Array, Object(Closure))
#41 C:\\xampp\\htdocs\\swaggertest\\vendor\\laravel\\lumen-framework\\src\\Concerns\\RoutesRequests.php(169): Laravel\\Lumen\\Application->handleFoundRoute(Array)
#42 C:\\xampp\\htdocs\\swaggertest\\vendor\\laravel\\lumen-framework\\src\\Concerns\\RoutesRequests.php(429): Laravel\\Lumen\\Application->Laravel\\Lumen\\Concerns\\{closure}(Object(Laravel\\Lumen\\Http\\Request))
#43 C:\\xampp\\htdocs\\swaggertest\\vendor\\laravel\\lumen-framework\\src\\Concerns\\RoutesRequests.php(175): Laravel\\Lumen\\Application->sendThroughPipeline(Array, Object(Closure))
#44 C:\\xampp\\htdocs\\swaggertest\\vendor\\laravel\\lumen-framework\\src\\Concerns\\RoutesRequests.php(112): Laravel\\Lumen\\Application->dispatch(NULL)
#45 C:\\xampp\\htdocs\\swaggertest\\public\\index.php(28): Laravel\\Lumen\\Application->run()
#46 {main}
"} 
[2022-08-02 04:28:53] local.ERROR: [Syntax Error] Expected Doctrine\Common\Annotations\DocLexer::T_CLOSE_PARENTHESIS, got '@' at position 907. {"exception":"[object] (ErrorException(code: 0): [Syntax Error] Expected Doctrine\\Common\\Annotations\\DocLexer::T_CLOSE_PARENTHESIS, got '@' at position 907. at C:\\xampp\\htdocs\\swaggertest\\vendor\\zircote\\swagger-php\\src\\Logger.php:40)
[stacktrace]
#0 C:\\xampp\\htdocs\\swaggertest\\vendor\\laravel\\lumen-framework\\src\\Concerns\\RegistersExceptionHandlers.php(47): Laravel\\Lumen\\Application->handleError(512, '[Syntax Error] ...', 'C:\\\\xampp\\\\htdocs...', 40)
#1 [internal function]: Laravel\\Lumen\\Application->Laravel\\Lumen\\Concerns\\{closure}(512, '[Syntax Error] ...', 'C:\\\\xampp\\\\htdocs...', 40)
#2 C:\\xampp\\htdocs\\swaggertest\\vendor\\zircote\\swagger-php\\src\\Logger.php(40): trigger_error('[Syntax Error] ...', 512)
#3 [internal function]: OpenApi\\Logger->OpenApi\\{closure}('[Syntax Error] ...', 512)
#4 C:\\xampp\\htdocs\\swaggertest\\vendor\\zircote\\swagger-php\\src\\Logger.php(60): call_user_func(Object(Closure), Object(Doctrine\\Common\\Annotations\\AnnotationException), 512)
#5 C:\\xampp\\htdocs\\swaggertest\\vendor\\zircote\\swagger-php\\src\\Logger\\DefaultLogger.php(22): OpenApi\\Logger::warning(Object(Doctrine\\Common\\Annotations\\AnnotationException))
#6 C:\\xampp\\htdocs\\swaggertest\\vendor\\psr\\log\\src\\LoggerTrait.php(70): OpenApi\\Logger\\DefaultLogger->log('error', Object(Doctrine\\Common\\Annotations\\AnnotationException), Array)
#7 C:\\xampp\\htdocs\\swaggertest\\vendor\\zircote\\swagger-php\\src\\Analyser.php(115): Psr\\Log\\AbstractLogger->error(Object(Doctrine\\Common\\Annotations\\AnnotationException))
#8 C:\\xampp\\htdocs\\swaggertest\\vendor\\zircote\\swagger-php\\src\\StaticAnalyser.php(397): OpenApi\\Analyser->fromComment('/**\\n        * @...', Object(OpenApi\\Context))
#9 C:\\xampp\\htdocs\\swaggertest\\vendor\\zircote\\swagger-php\\src\\StaticAnalyser.php(297): OpenApi\\StaticAnalyser->analyseComment(Object(OpenApi\\Analysis), Object(OpenApi\\Analyser), '/**\\n        * @...', Object(OpenApi\\Context))
#10 C:\\xampp\\htdocs\\swaggertest\\vendor\\zircote\\swagger-php\\src\\StaticAnalyser.php(33): OpenApi\\StaticAnalyser->fromTokens(Array, Object(OpenApi\\Context))
#11 C:\\xampp\\htdocs\\swaggertest\\vendor\\zircote\\swagger-php\\src\\Generator.php(275): OpenApi\\StaticAnalyser->fromFile('C:\\\\xampp\\\\htdocs...', Object(OpenApi\\Context))
#12 C:\\xampp\\htdocs\\swaggertest\\vendor\\zircote\\swagger-php\\src\\Generator.php(244): OpenApi\\Generator->scanSources(Object(Symfony\\Component\\Finder\\Finder), Object(OpenApi\\Analysis), Object(OpenApi\\Context))
#13 C:\\xampp\\htdocs\\swaggertest\\vendor\\zircote\\swagger-php\\src\\Generator.php(223): OpenApi\\Generator->generate(Object(Symfony\\Component\\Finder\\Finder), Object(OpenApi\\Analysis), true)
#14 C:\\xampp\\htdocs\\swaggertest\\vendor\\zircote\\swagger-php\\src\\functions.php(56): OpenApi\\Generator::scan(Object(Symfony\\Component\\Finder\\Finder), Array)
#15 C:\\xampp\\htdocs\\swaggertest\\vendor\\darkaonline\\swagger-lume\\src\\Generator.php(25): OpenApi\\scan('C:\\\\xampp\\\\htdocs...', Array)
#16 C:\\xampp\\htdocs\\swaggertest\\vendor\\darkaonline\\swagger-lume\\src\\Http\\Controllers\\SwaggerLumeController.php(41): SwaggerLume\\Generator::generateDocs()
#17 C:\\xampp\\htdocs\\swaggertest\\vendor\\illuminate\\container\\BoundMethod.php(36): SwaggerLume\\Http\\Controllers\\SwaggerLumeController->api()
#18 C:\\xampp\\htdocs\\swaggertest\\vendor\\illuminate\\container\\Util.php(41): Illuminate\\Container\\BoundMethod::Illuminate\\Container\\{closure}()
#19 C:\\xampp\\htdocs\\swaggertest\\vendor\\illuminate\\container\\BoundMethod.php(93): Illuminate\\Container\\Util::unwrapIfClosure(Object(Closure))
#20 C:\\xampp\\htdocs\\swaggertest\\vendor\\illuminate\\container\\BoundMethod.php(37): Illuminate\\Container\\BoundMethod::callBoundMethod(Object(Laravel\\Lumen\\Application), Array, Object(Closure))
#21 C:\\xampp\\htdocs\\swaggertest\\vendor\\illuminate\\container\\Container.php(651): Illuminate\\Container\\BoundMethod::call(Object(Laravel\\Lumen\\Application), Array, Array, NULL)
#22 C:\\xampp\\htdocs\\swaggertest\\vendor\\laravel\\lumen-framework\\src\\Concerns\\RoutesRequests.php(389): Illuminate\\Container\\Container->call(Array, Array)
#23 C:\\xampp\\htdocs\\swaggertest\\vendor\\laravel\\lumen-framework\\src\\Concerns\\RoutesRequests.php(355): Laravel\\Lumen\\Application->callControllerCallable(Array, Array)
#24 C:\\xampp\\htdocs\\swaggertest\\vendor\\laravel\\lumen-framework\\src\\Concerns\\RoutesRequests.php(329): Laravel\\Lumen\\Application->callLumenController(Object(SwaggerLume\\Http\\Controllers\\SwaggerLumeController), 'api', Array)
#25 C:\\xampp\\htdocs\\swaggertest\\vendor\\laravel\\lumen-framework\\src\\Concerns\\RoutesRequests.php(282): Laravel\\Lumen\\Application->callControllerAction(Array)
#26 C:\\xampp\\htdocs\\swaggertest\\vendor\\laravel\\lumen-framework\\src\\Concerns\\RoutesRequests.php(262): Laravel\\Lumen\\Application->callActionOnArrayBasedRoute(Array)
#27 C:\\xampp\\htdocs\\swaggertest\\vendor\\laravel\\lumen-framework\\src\\Concerns\\RoutesRequests.php(429): Laravel\\Lumen\\Application->Laravel\\Lumen\\Concerns\\{closure}(Object(Laravel\\Lumen\\Http\\Request))
#28 C:\\xampp\\htdocs\\swaggertest\\vendor\\laravel\\lumen-framework\\src\\Concerns\\RoutesRequests.php(263): Laravel\\Lumen\\Application->sendThroughPipeline(Array, Object(Closure))
#29 C:\\xampp\\htdocs\\swaggertest\\vendor\\laravel\\lumen-framework\\src\\Concerns\\RoutesRequests.php(169): Laravel\\Lumen\\Application->handleFoundRoute(Array)
#30 C:\\xampp\\htdocs\\swaggertest\\vendor\\laravel\\lumen-framework\\src\\Concerns\\RoutesRequests.php(429): Laravel\\Lumen\\Application->Laravel\\Lumen\\Concerns\\{closure}(Object(Laravel\\Lumen\\Http\\Request))
#31 C:\\xampp\\htdocs\\swaggertest\\vendor\\laravel\\lumen-framework\\src\\Concerns\\RoutesRequests.php(175): Laravel\\Lumen\\Application->sendThroughPipeline(Array, Object(Closure))
#32 C:\\xampp\\htdocs\\swaggertest\\vendor\\laravel\\lumen-framework\\src\\Concerns\\RoutesRequests.php(112): Laravel\\Lumen\\Application->dispatch(NULL)
#33 C:\\xampp\\htdocs\\swaggertest\\public\\index.php(28): Laravel\\Lumen\\Application->run()
#34 {main}
"} 
