[2022-08-01 08:08:44] local.ERROR: SQLSTATE[42S01]: Base table or view already exists: 1050 Table 'users' already exists (SQL: create table `users` (`id` bigint unsigned not null auto_increment primary key, `name` varchar(255) not null, `email` varchar(255) not null, `password` varchar(255) not null, `phonenumber` varchar(255) not null, `firstname` varchar(255) not null, `lastname` varchar(255) not null, `created_at` timestamp null, `updated_at` timestamp null) default character set utf8mb4 collate 'utf8mb4_unicode_ci') {"exception":"[object] (Illuminate\\Database\\QueryException(code: 42S01): SQLSTATE[42S01]: Base table or view already exists: 1050 Table 'users' already exists (SQL: create table `users` (`id` bigint unsigned not null auto_increment primary key, `name` varchar(255) not null, `email` varchar(255) not null, `password` varchar(255) not null, `phonenumber` varchar(255) not null, `firstname` varchar(255) not null, `lastname` varchar(255) not null, `created_at` timestamp null, `updated_at` timestamp null) default character set utf8mb4 collate 'utf8mb4_unicode_ci') at C:\\xampp\\htdocs\\swaggertest\\vendor\\illuminate\\database\\Connection.php:759)
[stacktrace]
#0 C:\\xampp\\htdocs\\swaggertest\\vendor\\illuminate\\database\\Connection.php(719): Illuminate\\Database\\Connection->runQueryCallback('create table `u...', Array, Object(Closure))
#1 C:\\xampp\\htdocs\\swaggertest\\vendor\\illuminate\\database\\Connection.php(545): Illuminate\\Database\\Connection->run('create table `u...', Array, Object(Closure))
#2 C:\\xampp\\htdocs\\swaggertest\\vendor\\illuminate\\database\\Schema\\Blueprint.php(109): Illuminate\\Database\\Connection->statement('create table `u...')
#3 C:\\xampp\\htdocs\\swaggertest\\vendor\\illuminate\\database\\Schema\\Builder.php(394): Illuminate\\Database\\Schema\\Blueprint->build(Object(Illuminate\\Database\\MySqlConnection), Object(Illuminate\\Database\\Schema\\Grammars\\MySqlGrammar))
#4 C:\\xampp\\htdocs\\swaggertest\\vendor\\illuminate\\database\\Schema\\Builder.php(257): Illuminate\\Database\\Schema\\Builder->build(Object(Illuminate\\Database\\Schema\\Blueprint))
#5 C:\\xampp\\htdocs\\swaggertest\\vendor\\illuminate\\support\\Facades\\Facade.php(337): Illuminate\\Database\\Schema\\Builder->create('users', Object(Closure))
#6 C:\\xampp\\htdocs\\swaggertest\\database\\migrations\\2022_08_01_080700_create_users_table.php(25): Illuminate\\Support\\Facades\\Facade::__callStatic('create', Array)
#7 C:\\xampp\\htdocs\\swaggertest\\vendor\\illuminate\\database\\Migrations\\Migrator.php(474): Illuminate\\Database\\Migrations\\Migration@anonymous->up()
#8 C:\\xampp\\htdocs\\swaggertest\\vendor\\illuminate\\database\\Migrations\\Migrator.php(392): Illuminate\\Database\\Migrations\\Migrator->runMethod(Object(Illuminate\\Database\\MySqlConnection), Object(Illuminate\\Database\\Migrations\\Migration@anonymous), 'up')
#9 C:\\xampp\\htdocs\\swaggertest\\vendor\\illuminate\\database\\Migrations\\Migrator.php(401): Illuminate\\Database\\Migrations\\Migrator->Illuminate\\Database\\Migrations\\{closure}()
#10 C:\\xampp\\htdocs\\swaggertest\\vendor\\illuminate\\database\\Migrations\\Migrator.php(206): Illuminate\\Database\\Migrations\\Migrator->runMigration(Object(Illuminate\\Database\\Migrations\\Migration@anonymous), 'up')
#11 C:\\xampp\\htdocs\\swaggertest\\vendor\\illuminate\\console\\View\\Components\\Task.php(36): Illuminate\\Database\\Migrations\\Migrator->Illuminate\\Database\\Migrations\\{closure}()
#12 C:\\xampp\\htdocs\\swaggertest\\vendor\\illuminate\\database\\Migrations\\Migrator.php(732): Illuminate\\Console\\View\\Components\\Task->render('2022_08_01_0807...', Object(Closure))
#13 C:\\xampp\\htdocs\\swaggertest\\vendor\\illuminate\\database\\Migrations\\Migrator.php(206): Illuminate\\Database\\Migrations\\Migrator->write('Illuminate\\\\Cons...', '2022_08_01_0807...', Object(Closure))
#14 C:\\xampp\\htdocs\\swaggertest\\vendor\\illuminate\\database\\Migrations\\Migrator.php(175): Illuminate\\Database\\Migrations\\Migrator->runUp('C:\\\\xampp\\\\htdocs...', 1, false)
#15 C:\\xampp\\htdocs\\swaggertest\\vendor\\illuminate\\database\\Migrations\\Migrator.php(118): Illuminate\\Database\\Migrations\\Migrator->runPending(Array, Array)
#16 C:\\xampp\\htdocs\\swaggertest\\vendor\\illuminate\\database\\Console\\Migrations\\MigrateCommand.php(87): Illuminate\\Database\\Migrations\\Migrator->run(Array, Array)
#17 C:\\xampp\\htdocs\\swaggertest\\vendor\\illuminate\\database\\Migrations\\Migrator.php(608): Illuminate\\Database\\Console\\Migrations\\MigrateCommand->Illuminate\\Database\\Console\\Migrations\\{closure}()
#18 C:\\xampp\\htdocs\\swaggertest\\vendor\\illuminate\\database\\Console\\Migrations\\MigrateCommand.php(103): Illuminate\\Database\\Migrations\\Migrator->usingConnection(NULL, Object(Closure))
#19 C:\\xampp\\htdocs\\swaggertest\\vendor\\illuminate\\container\\BoundMethod.php(36): Illuminate\\Database\\Console\\Migrations\\MigrateCommand->handle()
#20 C:\\xampp\\htdocs\\swaggertest\\vendor\\illuminate\\container\\Util.php(41): Illuminate\\Container\\BoundMethod::Illuminate\\Container\\{closure}()
#21 C:\\xampp\\htdocs\\swaggertest\\vendor\\illuminate\\container\\BoundMethod.php(93): Illuminate\\Container\\Util::unwrapIfClosure(Object(Closure))
#22 C:\\xampp\\htdocs\\swaggertest\\vendor\\illuminate\\container\\BoundMethod.php(37): Illuminate\\Container\\BoundMethod::callBoundMethod(Object(Laravel\\Lumen\\Application), Array, Object(Closure))
#23 C:\\xampp\\htdocs\\swaggertest\\vendor\\illuminate\\container\\Container.php(651): Illuminate\\Container\\BoundMethod::call(Object(Laravel\\Lumen\\Application), Array, Array, NULL)
#24 C:\\xampp\\htdocs\\swaggertest\\vendor\\illuminate\\console\\Command.php(139): Illuminate\\Container\\Container->call(Array)
#25 C:\\xampp\\htdocs\\swaggertest\\vendor\\symfony\\console\\Command\\Command.php(308): Illuminate\\Console\\Command->execute(Object(Symfony\\Component\\Console\\Input\\ArgvInput), Object(Illuminate\\Console\\OutputStyle))
#26 C:\\xampp\\htdocs\\swaggertest\\vendor\\illuminate\\console\\Command.php(124): Symfony\\Component\\Console\\Command\\Command->run(Object(Symfony\\Component\\Console\\Input\\ArgvInput), Object(Illuminate\\Console\\OutputStyle))
#27 C:\\xampp\\htdocs\\swaggertest\\vendor\\symfony\\console\\Application.php(998): Illuminate\\Console\\Command->run(Object(Symfony\\Component\\Console\\Input\\ArgvInput), Object(Symfony\\Component\\Console\\Output\\ConsoleOutput))
#28 C:\\xampp\\htdocs\\swaggertest\\vendor\\symfony\\console\\Application.php(299): Symfony\\Component\\Console\\Application->doRunCommand(Object(Illuminate\\Database\\Console\\Migrations\\MigrateCommand), Object(Symfony\\Component\\Console\\Input\\ArgvInput), Object(Symfony\\Component\\Console\\Output\\ConsoleOutput))
#29 C:\\xampp\\htdocs\\swaggertest\\vendor\\symfony\\console\\Application.php(171): Symfony\\Component\\Console\\Application->doRun(Object(Symfony\\Component\\Console\\Input\\ArgvInput), Object(Symfony\\Component\\Console\\Output\\ConsoleOutput))
#30 C:\\xampp\\htdocs\\swaggertest\\vendor\\illuminate\\console\\Application.php(102): Symfony\\Component\\Console\\Application->run(Object(Symfony\\Component\\Console\\Input\\ArgvInput), Object(Symfony\\Component\\Console\\Output\\ConsoleOutput))
#31 C:\\xampp\\htdocs\\swaggertest\\vendor\\laravel\\lumen-framework\\src\\Console\\Kernel.php(116): Illuminate\\Console\\Application->run(Object(Symfony\\Component\\Console\\Input\\ArgvInput), Object(Symfony\\Component\\Console\\Output\\ConsoleOutput))
#32 C:\\xampp\\htdocs\\swaggertest\\artisan(35): Laravel\\Lumen\\Console\\Kernel->handle(Object(Symfony\\Component\\Console\\Input\\ArgvInput), Object(Symfony\\Component\\Console\\Output\\ConsoleOutput))
#33 {main}

[previous exception] [object] (PDOException(code: 42S01): SQLSTATE[42S01]: Base table or view already exists: 1050 Table 'users' already exists at C:\\xampp\\htdocs\\swaggertest\\vendor\\illuminate\\database\\Connection.php:544)
[stacktrace]
#0 C:\\xampp\\htdocs\\swaggertest\\vendor\\illuminate\\database\\Connection.php(544): PDOStatement->execute()
#1 C:\\xampp\\htdocs\\swaggertest\\vendor\\illuminate\\database\\Connection.php(752): Illuminate\\Database\\Connection->Illuminate\\Database\\{closure}('create table `u...', Array)
#2 C:\\xampp\\htdocs\\swaggertest\\vendor\\illuminate\\database\\Connection.php(719): Illuminate\\Database\\Connection->runQueryCallback('create table `u...', Array, Object(Closure))
#3 C:\\xampp\\htdocs\\swaggertest\\vendor\\illuminate\\database\\Connection.php(545): Illuminate\\Database\\Connection->run('create table `u...', Array, Object(Closure))
#4 C:\\xampp\\htdocs\\swaggertest\\vendor\\illuminate\\database\\Schema\\Blueprint.php(109): Illuminate\\Database\\Connection->statement('create table `u...')
#5 C:\\xampp\\htdocs\\swaggertest\\vendor\\illuminate\\database\\Schema\\Builder.php(394): Illuminate\\Database\\Schema\\Blueprint->build(Object(Illuminate\\Database\\MySqlConnection), Object(Illuminate\\Database\\Schema\\Grammars\\MySqlGrammar))
#6 C:\\xampp\\htdocs\\swaggertest\\vendor\\illuminate\\database\\Schema\\Builder.php(257): Illuminate\\Database\\Schema\\Builder->build(Object(Illuminate\\Database\\Schema\\Blueprint))
#7 C:\\xampp\\htdocs\\swaggertest\\vendor\\illuminate\\support\\Facades\\Facade.php(337): Illuminate\\Database\\Schema\\Builder->create('users', Object(Closure))
#8 C:\\xampp\\htdocs\\swaggertest\\database\\migrations\\2022_08_01_080700_create_users_table.php(25): Illuminate\\Support\\Facades\\Facade::__callStatic('create', Array)
#9 C:\\xampp\\htdocs\\swaggertest\\vendor\\illuminate\\database\\Migrations\\Migrator.php(474): Illuminate\\Database\\Migrations\\Migration@anonymous->up()
#10 C:\\xampp\\htdocs\\swaggertest\\vendor\\illuminate\\database\\Migrations\\Migrator.php(392): Illuminate\\Database\\Migrations\\Migrator->runMethod(Object(Illuminate\\Database\\MySqlConnection), Object(Illuminate\\Database\\Migrations\\Migration@anonymous), 'up')
#11 C:\\xampp\\htdocs\\swaggertest\\vendor\\illuminate\\database\\Migrations\\Migrator.php(401): Illuminate\\Database\\Migrations\\Migrator->Illuminate\\Database\\Migrations\\{closure}()
#12 C:\\xampp\\htdocs\\swaggertest\\vendor\\illuminate\\database\\Migrations\\Migrator.php(206): Illuminate\\Database\\Migrations\\Migrator->runMigration(Object(Illuminate\\Database\\Migrations\\Migration@anonymous), 'up')
#13 C:\\xampp\\htdocs\\swaggertest\\vendor\\illuminate\\console\\View\\Components\\Task.php(36): Illuminate\\Database\\Migrations\\Migrator->Illuminate\\Database\\Migrations\\{closure}()
#14 C:\\xampp\\htdocs\\swaggertest\\vendor\\illuminate\\database\\Migrations\\Migrator.php(732): Illuminate\\Console\\View\\Components\\Task->render('2022_08_01_0807...', Object(Closure))
#15 C:\\xampp\\htdocs\\swaggertest\\vendor\\illuminate\\database\\Migrations\\Migrator.php(206): Illuminate\\Database\\Migrations\\Migrator->write('Illuminate\\\\Cons...', '2022_08_01_0807...', Object(Closure))
#16 C:\\xampp\\htdocs\\swaggertest\\vendor\\illuminate\\database\\Migrations\\Migrator.php(175): Illuminate\\Database\\Migrations\\Migrator->runUp('C:\\\\xampp\\\\htdocs...', 1, false)
#17 C:\\xampp\\htdocs\\swaggertest\\vendor\\illuminate\\database\\Migrations\\Migrator.php(118): Illuminate\\Database\\Migrations\\Migrator->runPending(Array, Array)
#18 C:\\xampp\\htdocs\\swaggertest\\vendor\\illuminate\\database\\Console\\Migrations\\MigrateCommand.php(87): Illuminate\\Database\\Migrations\\Migrator->run(Array, Array)
#19 C:\\xampp\\htdocs\\swaggertest\\vendor\\illuminate\\database\\Migrations\\Migrator.php(608): Illuminate\\Database\\Console\\Migrations\\MigrateCommand->Illuminate\\Database\\Console\\Migrations\\{closure}()
#20 C:\\xampp\\htdocs\\swaggertest\\vendor\\illuminate\\database\\Console\\Migrations\\MigrateCommand.php(103): Illuminate\\Database\\Migrations\\Migrator->usingConnection(NULL, Object(Closure))
#21 C:\\xampp\\htdocs\\swaggertest\\vendor\\illuminate\\container\\BoundMethod.php(36): Illuminate\\Database\\Console\\Migrations\\MigrateCommand->handle()
#22 C:\\xampp\\htdocs\\swaggertest\\vendor\\illuminate\\container\\Util.php(41): Illuminate\\Container\\BoundMethod::Illuminate\\Container\\{closure}()
#23 C:\\xampp\\htdocs\\swaggertest\\vendor\\illuminate\\container\\BoundMethod.php(93): Illuminate\\Container\\Util::unwrapIfClosure(Object(Closure))
#24 C:\\xampp\\htdocs\\swaggertest\\vendor\\illuminate\\container\\BoundMethod.php(37): Illuminate\\Container\\BoundMethod::callBoundMethod(Object(Laravel\\Lumen\\Application), Array, Object(Closure))
#25 C:\\xampp\\htdocs\\swaggertest\\vendor\\illuminate\\container\\Container.php(651): Illuminate\\Container\\BoundMethod::call(Object(Laravel\\Lumen\\Application), Array, Array, NULL)
#26 C:\\xampp\\htdocs\\swaggertest\\vendor\\illuminate\\console\\Command.php(139): Illuminate\\Container\\Container->call(Array)
#27 C:\\xampp\\htdocs\\swaggertest\\vendor\\symfony\\console\\Command\\Command.php(308): Illuminate\\Console\\Command->execute(Object(Symfony\\Component\\Console\\Input\\ArgvInput), Object(Illuminate\\Console\\OutputStyle))
#28 C:\\xampp\\htdocs\\swaggertest\\vendor\\illuminate\\console\\Command.php(124): Symfony\\Component\\Console\\Command\\Command->run(Object(Symfony\\Component\\Console\\Input\\ArgvInput), Object(Illuminate\\Console\\OutputStyle))
#29 C:\\xampp\\htdocs\\swaggertest\\vendor\\symfony\\console\\Application.php(998): Illuminate\\Console\\Command->run(Object(Symfony\\Component\\Console\\Input\\ArgvInput), Object(Symfony\\Component\\Console\\Output\\ConsoleOutput))
#30 C:\\xampp\\htdocs\\swaggertest\\vendor\\symfony\\console\\Application.php(299): Symfony\\Component\\Console\\Application->doRunCommand(Object(Illuminate\\Database\\Console\\Migrations\\MigrateCommand), Object(Symfony\\Component\\Console\\Input\\ArgvInput), Object(Symfony\\Component\\Console\\Output\\ConsoleOutput))
#31 C:\\xampp\\htdocs\\swaggertest\\vendor\\symfony\\console\\Application.php(171): Symfony\\Component\\Console\\Application->doRun(Object(Symfony\\Component\\Console\\Input\\ArgvInput), Object(Symfony\\Component\\Console\\Output\\ConsoleOutput))
#32 C:\\xampp\\htdocs\\swaggertest\\vendor\\illuminate\\console\\Application.php(102): Symfony\\Component\\Console\\Application->run(Object(Symfony\\Component\\Console\\Input\\ArgvInput), Object(Symfony\\Component\\Console\\Output\\ConsoleOutput))
#33 C:\\xampp\\htdocs\\swaggertest\\vendor\\laravel\\lumen-framework\\src\\Console\\Kernel.php(116): Illuminate\\Console\\Application->run(Object(Symfony\\Component\\Console\\Input\\ArgvInput), Object(Symfony\\Component\\Console\\Output\\ConsoleOutput))
#34 C:\\xampp\\htdocs\\swaggertest\\artisan(35): Laravel\\Lumen\\Console\\Kernel->handle(Object(Symfony\\Component\\Console\\Input\\ArgvInput), Object(Symfony\\Component\\Console\\Output\\ConsoleOutput))
#35 {main}
"} 
[2022-08-01 08:09:26] local.ERROR: SQLSTATE[42S01]: Base table or view already exists: 1050 Table 'users' already exists (SQL: create table `users` (`id` bigint unsigned not null auto_increment primary key, `name` varchar(255) not null, `email` varchar(255) not null, `password` varchar(255) not null, `phonenumber` varchar(255) not null, `firstname` varchar(255) not null, `lastname` varchar(255) not null, `created_at` timestamp null, `updated_at` timestamp null) default character set utf8mb4 collate 'utf8mb4_unicode_ci') {"exception":"[object] (Illuminate\\Database\\QueryException(code: 42S01): SQLSTATE[42S01]: Base table or view already exists: 1050 Table 'users' already exists (SQL: create table `users` (`id` bigint unsigned not null auto_increment primary key, `name` varchar(255) not null, `email` varchar(255) not null, `password` varchar(255) not null, `phonenumber` varchar(255) not null, `firstname` varchar(255) not null, `lastname` varchar(255) not null, `created_at` timestamp null, `updated_at` timestamp null) default character set utf8mb4 collate 'utf8mb4_unicode_ci') at C:\\xampp\\htdocs\\swaggertest\\vendor\\illuminate\\database\\Connection.php:759)
[stacktrace]
#0 C:\\xampp\\htdocs\\swaggertest\\vendor\\illuminate\\database\\Connection.php(719): Illuminate\\Database\\Connection->runQueryCallback('create table `u...', Array, Object(Closure))
#1 C:\\xampp\\htdocs\\swaggertest\\vendor\\illuminate\\database\\Connection.php(545): Illuminate\\Database\\Connection->run('create table `u...', Array, Object(Closure))
#2 C:\\xampp\\htdocs\\swaggertest\\vendor\\illuminate\\database\\Schema\\Blueprint.php(109): Illuminate\\Database\\Connection->statement('create table `u...')
#3 C:\\xampp\\htdocs\\swaggertest\\vendor\\illuminate\\database\\Schema\\Builder.php(394): Illuminate\\Database\\Schema\\Blueprint->build(Object(Illuminate\\Database\\MySqlConnection), Object(Illuminate\\Database\\Schema\\Grammars\\MySqlGrammar))
#4 C:\\xampp\\htdocs\\swaggertest\\vendor\\illuminate\\database\\Schema\\Builder.php(257): Illuminate\\Database\\Schema\\Builder->build(Object(Illuminate\\Database\\Schema\\Blueprint))
#5 C:\\xampp\\htdocs\\swaggertest\\vendor\\illuminate\\support\\Facades\\Facade.php(337): Illuminate\\Database\\Schema\\Builder->create('users', Object(Closure))
#6 C:\\xampp\\htdocs\\swaggertest\\database\\migrations\\2022_08_01_080700_create_users_table.php(25): Illuminate\\Support\\Facades\\Facade::__callStatic('create', Array)
#7 C:\\xampp\\htdocs\\swaggertest\\vendor\\illuminate\\database\\Migrations\\Migrator.php(474): Illuminate\\Database\\Migrations\\Migration@anonymous->up()
#8 C:\\xampp\\htdocs\\swaggertest\\vendor\\illuminate\\database\\Migrations\\Migrator.php(392): Illuminate\\Database\\Migrations\\Migrator->runMethod(Object(Illuminate\\Database\\MySqlConnection), Object(Illuminate\\Database\\Migrations\\Migration@anonymous), 'up')
#9 C:\\xampp\\htdocs\\swaggertest\\vendor\\illuminate\\database\\Migrations\\Migrator.php(401): Illuminate\\Database\\Migrations\\Migrator->Illuminate\\Database\\Migrations\\{closure}()
#10 C:\\xampp\\htdocs\\swaggertest\\vendor\\illuminate\\database\\Migrations\\Migrator.php(206): Illuminate\\Database\\Migrations\\Migrator->runMigration(Object(Illuminate\\Database\\Migrations\\Migration@anonymous), 'up')
#11 C:\\xampp\\htdocs\\swaggertest\\vendor\\illuminate\\console\\View\\Components\\Task.php(36): Illuminate\\Database\\Migrations\\Migrator->Illuminate\\Database\\Migrations\\{closure}()
#12 C:\\xampp\\htdocs\\swaggertest\\vendor\\illuminate\\database\\Migrations\\Migrator.php(732): Illuminate\\Console\\View\\Components\\Task->render('2022_08_01_0807...', Object(Closure))
#13 C:\\xampp\\htdocs\\swaggertest\\vendor\\illuminate\\database\\Migrations\\Migrator.php(206): Illuminate\\Database\\Migrations\\Migrator->write('Illuminate\\\\Cons...', '2022_08_01_0807...', Object(Closure))
#14 C:\\xampp\\htdocs\\swaggertest\\vendor\\illuminate\\database\\Migrations\\Migrator.php(175): Illuminate\\Database\\Migrations\\Migrator->runUp('C:\\\\xampp\\\\htdocs...', 1, false)
#15 C:\\xampp\\htdocs\\swaggertest\\vendor\\illuminate\\database\\Migrations\\Migrator.php(118): Illuminate\\Database\\Migrations\\Migrator->runPending(Array, Array)
#16 C:\\xampp\\htdocs\\swaggertest\\vendor\\illuminate\\database\\Console\\Migrations\\MigrateCommand.php(87): Illuminate\\Database\\Migrations\\Migrator->run(Array, Array)
#17 C:\\xampp\\htdocs\\swaggertest\\vendor\\illuminate\\database\\Migrations\\Migrator.php(608): Illuminate\\Database\\Console\\Migrations\\MigrateCommand->Illuminate\\Database\\Console\\Migrations\\{closure}()
#18 C:\\xampp\\htdocs\\swaggertest\\vendor\\illuminate\\database\\Console\\Migrations\\MigrateCommand.php(103): Illuminate\\Database\\Migrations\\Migrator->usingConnection(NULL, Object(Closure))
#19 C:\\xampp\\htdocs\\swaggertest\\vendor\\illuminate\\container\\BoundMethod.php(36): Illuminate\\Database\\Console\\Migrations\\MigrateCommand->handle()
#20 C:\\xampp\\htdocs\\swaggertest\\vendor\\illuminate\\container\\Util.php(41): Illuminate\\Container\\BoundMethod::Illuminate\\Container\\{closure}()
#21 C:\\xampp\\htdocs\\swaggertest\\vendor\\illuminate\\container\\BoundMethod.php(93): Illuminate\\Container\\Util::unwrapIfClosure(Object(Closure))
#22 C:\\xampp\\htdocs\\swaggertest\\vendor\\illuminate\\container\\BoundMethod.php(37): Illuminate\\Container\\BoundMethod::callBoundMethod(Object(Laravel\\Lumen\\Application), Array, Object(Closure))
#23 C:\\xampp\\htdocs\\swaggertest\\vendor\\illuminate\\container\\Container.php(651): Illuminate\\Container\\BoundMethod::call(Object(Laravel\\Lumen\\Application), Array, Array, NULL)
#24 C:\\xampp\\htdocs\\swaggertest\\vendor\\illuminate\\console\\Command.php(139): Illuminate\\Container\\Container->call(Array)
#25 C:\\xampp\\htdocs\\swaggertest\\vendor\\symfony\\console\\Command\\Command.php(308): Illuminate\\Console\\Command->execute(Object(Symfony\\Component\\Console\\Input\\ArgvInput), Object(Illuminate\\Console\\OutputStyle))
#26 C:\\xampp\\htdocs\\swaggertest\\vendor\\illuminate\\console\\Command.php(124): Symfony\\Component\\Console\\Command\\Command->run(Object(Symfony\\Component\\Console\\Input\\ArgvInput), Object(Illuminate\\Console\\OutputStyle))
#27 C:\\xampp\\htdocs\\swaggertest\\vendor\\symfony\\console\\Application.php(998): Illuminate\\Console\\Command->run(Object(Symfony\\Component\\Console\\Input\\ArgvInput), Object(Symfony\\Component\\Console\\Output\\ConsoleOutput))
#28 C:\\xampp\\htdocs\\swaggertest\\vendor\\symfony\\console\\Application.php(299): Symfony\\Component\\Console\\Application->doRunCommand(Object(Illuminate\\Database\\Console\\Migrations\\MigrateCommand), Object(Symfony\\Component\\Console\\Input\\ArgvInput), Object(Symfony\\Component\\Console\\Output\\ConsoleOutput))
#29 C:\\xampp\\htdocs\\swaggertest\\vendor\\symfony\\console\\Application.php(171): Symfony\\Component\\Console\\Application->doRun(Object(Symfony\\Component\\Console\\Input\\ArgvInput), Object(Symfony\\Component\\Console\\Output\\ConsoleOutput))
#30 C:\\xampp\\htdocs\\swaggertest\\vendor\\illuminate\\console\\Application.php(102): Symfony\\Component\\Console\\Application->run(Object(Symfony\\Component\\Console\\Input\\ArgvInput), Object(Symfony\\Component\\Console\\Output\\ConsoleOutput))
#31 C:\\xampp\\htdocs\\swaggertest\\vendor\\laravel\\lumen-framework\\src\\Console\\Kernel.php(116): Illuminate\\Console\\Application->run(Object(Symfony\\Component\\Console\\Input\\ArgvInput), Object(Symfony\\Component\\Console\\Output\\ConsoleOutput))
#32 C:\\xampp\\htdocs\\swaggertest\\artisan(35): Laravel\\Lumen\\Console\\Kernel->handle(Object(Symfony\\Component\\Console\\Input\\ArgvInput), Object(Symfony\\Component\\Console\\Output\\ConsoleOutput))
#33 {main}

[previous exception] [object] (PDOException(code: 42S01): SQLSTATE[42S01]: Base table or view already exists: 1050 Table 'users' already exists at C:\\xampp\\htdocs\\swaggertest\\vendor\\illuminate\\database\\Connection.php:544)
[stacktrace]
#0 C:\\xampp\\htdocs\\swaggertest\\vendor\\illuminate\\database\\Connection.php(544): PDOStatement->execute()
#1 C:\\xampp\\htdocs\\swaggertest\\vendor\\illuminate\\database\\Connection.php(752): Illuminate\\Database\\Connection->Illuminate\\Database\\{closure}('create table `u...', Array)
#2 C:\\xampp\\htdocs\\swaggertest\\vendor\\illuminate\\database\\Connection.php(719): Illuminate\\Database\\Connection->runQueryCallback('create table `u...', Array, Object(Closure))
#3 C:\\xampp\\htdocs\\swaggertest\\vendor\\illuminate\\database\\Connection.php(545): Illuminate\\Database\\Connection->run('create table `u...', Array, Object(Closure))
#4 C:\\xampp\\htdocs\\swaggertest\\vendor\\illuminate\\database\\Schema\\Blueprint.php(109): Illuminate\\Database\\Connection->statement('create table `u...')
#5 C:\\xampp\\htdocs\\swaggertest\\vendor\\illuminate\\database\\Schema\\Builder.php(394): Illuminate\\Database\\Schema\\Blueprint->build(Object(Illuminate\\Database\\MySqlConnection), Object(Illuminate\\Database\\Schema\\Grammars\\MySqlGrammar))
#6 C:\\xampp\\htdocs\\swaggertest\\vendor\\illuminate\\database\\Schema\\Builder.php(257): Illuminate\\Database\\Schema\\Builder->build(Object(Illuminate\\Database\\Schema\\Blueprint))
#7 C:\\xampp\\htdocs\\swaggertest\\vendor\\illuminate\\support\\Facades\\Facade.php(337): Illuminate\\Database\\Schema\\Builder->create('users', Object(Closure))
#8 C:\\xampp\\htdocs\\swaggertest\\database\\migrations\\2022_08_01_080700_create_users_table.php(25): Illuminate\\Support\\Facades\\Facade::__callStatic('create', Array)
#9 C:\\xampp\\htdocs\\swaggertest\\vendor\\illuminate\\database\\Migrations\\Migrator.php(474): Illuminate\\Database\\Migrations\\Migration@anonymous->up()
#10 C:\\xampp\\htdocs\\swaggertest\\vendor\\illuminate\\database\\Migrations\\Migrator.php(392): Illuminate\\Database\\Migrations\\Migrator->runMethod(Object(Illuminate\\Database\\MySqlConnection), Object(Illuminate\\Database\\Migrations\\Migration@anonymous), 'up')
#11 C:\\xampp\\htdocs\\swaggertest\\vendor\\illuminate\\database\\Migrations\\Migrator.php(401): Illuminate\\Database\\Migrations\\Migrator->Illuminate\\Database\\Migrations\\{closure}()
#12 C:\\xampp\\htdocs\\swaggertest\\vendor\\illuminate\\database\\Migrations\\Migrator.php(206): Illuminate\\Database\\Migrations\\Migrator->runMigration(Object(Illuminate\\Database\\Migrations\\Migration@anonymous), 'up')
#13 C:\\xampp\\htdocs\\swaggertest\\vendor\\illuminate\\console\\View\\Components\\Task.php(36): Illuminate\\Database\\Migrations\\Migrator->Illuminate\\Database\\Migrations\\{closure}()
#14 C:\\xampp\\htdocs\\swaggertest\\vendor\\illuminate\\database\\Migrations\\Migrator.php(732): Illuminate\\Console\\View\\Components\\Task->render('2022_08_01_0807...', Object(Closure))
#15 C:\\xampp\\htdocs\\swaggertest\\vendor\\illuminate\\database\\Migrations\\Migrator.php(206): Illuminate\\Database\\Migrations\\Migrator->write('Illuminate\\\\Cons...', '2022_08_01_0807...', Object(Closure))
#16 C:\\xampp\\htdocs\\swaggertest\\vendor\\illuminate\\database\\Migrations\\Migrator.php(175): Illuminate\\Database\\Migrations\\Migrator->runUp('C:\\\\xampp\\\\htdocs...', 1, false)
#17 C:\\xampp\\htdocs\\swaggertest\\vendor\\illuminate\\database\\Migrations\\Migrator.php(118): Illuminate\\Database\\Migrations\\Migrator->runPending(Array, Array)
#18 C:\\xampp\\htdocs\\swaggertest\\vendor\\illuminate\\database\\Console\\Migrations\\MigrateCommand.php(87): Illuminate\\Database\\Migrations\\Migrator->run(Array, Array)
#19 C:\\xampp\\htdocs\\swaggertest\\vendor\\illuminate\\database\\Migrations\\Migrator.php(608): Illuminate\\Database\\Console\\Migrations\\MigrateCommand->Illuminate\\Database\\Console\\Migrations\\{closure}()
#20 C:\\xampp\\htdocs\\swaggertest\\vendor\\illuminate\\database\\Console\\Migrations\\MigrateCommand.php(103): Illuminate\\Database\\Migrations\\Migrator->usingConnection(NULL, Object(Closure))
#21 C:\\xampp\\htdocs\\swaggertest\\vendor\\illuminate\\container\\BoundMethod.php(36): Illuminate\\Database\\Console\\Migrations\\MigrateCommand->handle()
#22 C:\\xampp\\htdocs\\swaggertest\\vendor\\illuminate\\container\\Util.php(41): Illuminate\\Container\\BoundMethod::Illuminate\\Container\\{closure}()
#23 C:\\xampp\\htdocs\\swaggertest\\vendor\\illuminate\\container\\BoundMethod.php(93): Illuminate\\Container\\Util::unwrapIfClosure(Object(Closure))
#24 C:\\xampp\\htdocs\\swaggertest\\vendor\\illuminate\\container\\BoundMethod.php(37): Illuminate\\Container\\BoundMethod::callBoundMethod(Object(Laravel\\Lumen\\Application), Array, Object(Closure))
#25 C:\\xampp\\htdocs\\swaggertest\\vendor\\illuminate\\container\\Container.php(651): Illuminate\\Container\\BoundMethod::call(Object(Laravel\\Lumen\\Application), Array, Array, NULL)
#26 C:\\xampp\\htdocs\\swaggertest\\vendor\\illuminate\\console\\Command.php(139): Illuminate\\Container\\Container->call(Array)
#27 C:\\xampp\\htdocs\\swaggertest\\vendor\\symfony\\console\\Command\\Command.php(308): Illuminate\\Console\\Command->execute(Object(Symfony\\Component\\Console\\Input\\ArgvInput), Object(Illuminate\\Console\\OutputStyle))
#28 C:\\xampp\\htdocs\\swaggertest\\vendor\\illuminate\\console\\Command.php(124): Symfony\\Component\\Console\\Command\\Command->run(Object(Symfony\\Component\\Console\\Input\\ArgvInput), Object(Illuminate\\Console\\OutputStyle))
#29 C:\\xampp\\htdocs\\swaggertest\\vendor\\symfony\\console\\Application.php(998): Illuminate\\Console\\Command->run(Object(Symfony\\Component\\Console\\Input\\ArgvInput), Object(Symfony\\Component\\Console\\Output\\ConsoleOutput))
#30 C:\\xampp\\htdocs\\swaggertest\\vendor\\symfony\\console\\Application.php(299): Symfony\\Component\\Console\\Application->doRunCommand(Object(Illuminate\\Database\\Console\\Migrations\\MigrateCommand), Object(Symfony\\Component\\Console\\Input\\ArgvInput), Object(Symfony\\Component\\Console\\Output\\ConsoleOutput))
#31 C:\\xampp\\htdocs\\swaggertest\\vendor\\symfony\\console\\Application.php(171): Symfony\\Component\\Console\\Application->doRun(Object(Symfony\\Component\\Console\\Input\\ArgvInput), Object(Symfony\\Component\\Console\\Output\\ConsoleOutput))
#32 C:\\xampp\\htdocs\\swaggertest\\vendor\\illuminate\\console\\Application.php(102): Symfony\\Component\\Console\\Application->run(Object(Symfony\\Component\\Console\\Input\\ArgvInput), Object(Symfony\\Component\\Console\\Output\\ConsoleOutput))
#33 C:\\xampp\\htdocs\\swaggertest\\vendor\\laravel\\lumen-framework\\src\\Console\\Kernel.php(116): Illuminate\\Console\\Application->run(Object(Symfony\\Component\\Console\\Input\\ArgvInput), Object(Symfony\\Component\\Console\\Output\\ConsoleOutput))
#34 C:\\xampp\\htdocs\\swaggertest\\artisan(35): Laravel\\Lumen\\Console\\Kernel->handle(Object(Symfony\\Component\\Console\\Input\\ArgvInput), Object(Symfony\\Component\\Console\\Output\\ConsoleOutput))
#35 {main}
"} 
[2022-08-01 08:45:33] local.ERROR: Required @OA\Info() not found {"exception":"[object] (ErrorException(code: 0): Required @OA\\Info() not found at C:\\xampp\\htdocs\\swaggertest\\vendor\\zircote\\swagger-php\\src\\Logger.php:40)
[stacktrace]
#0 C:\\xampp\\htdocs\\swaggertest\\vendor\\laravel\\lumen-framework\\src\\Concerns\\RegistersExceptionHandlers.php(47): Laravel\\Lumen\\Application->handleError(512, 'Required @OA\\\\In...', 'C:\\\\xampp\\\\htdocs...', 40)
#1 [internal function]: Laravel\\Lumen\\Application->Laravel\\Lumen\\Concerns\\{closure}(512, 'Required @OA\\\\In...', 'C:\\\\xampp\\\\htdocs...', 40)
#2 C:\\xampp\\htdocs\\swaggertest\\vendor\\zircote\\swagger-php\\src\\Logger.php(40): trigger_error('Required @OA\\\\In...', 512)
#3 [internal function]: OpenApi\\Logger->OpenApi\\{closure}('Required @OA\\\\In...', 512)
#4 C:\\xampp\\htdocs\\swaggertest\\vendor\\zircote\\swagger-php\\src\\Logger.php(60): call_user_func(Object(Closure), 'Required @OA\\\\In...', 512)
#5 C:\\xampp\\htdocs\\swaggertest\\vendor\\zircote\\swagger-php\\src\\Logger\\DefaultLogger.php(22): OpenApi\\Logger::warning('Required @OA\\\\In...')
#6 C:\\xampp\\htdocs\\swaggertest\\vendor\\psr\\log\\src\\LoggerTrait.php(86): OpenApi\\Logger\\DefaultLogger->log('warning', 'Required @OA\\\\In...', Array)
#7 C:\\xampp\\htdocs\\swaggertest\\vendor\\zircote\\swagger-php\\src\\Annotations\\AbstractAnnotation.php(436): Psr\\Log\\AbstractLogger->warning('Required @OA\\\\In...')
#8 C:\\xampp\\htdocs\\swaggertest\\vendor\\zircote\\swagger-php\\src\\Annotations\\OpenApi.php(137): OpenApi\\Annotations\\AbstractAnnotation->validate(Array, Array, '#')
#9 C:\\xampp\\htdocs\\swaggertest\\vendor\\zircote\\swagger-php\\src\\Analysis.php(509): OpenApi\\Annotations\\OpenApi->validate()
#10 C:\\xampp\\htdocs\\swaggertest\\vendor\\zircote\\swagger-php\\src\\Generator.php(251): OpenApi\\Analysis->validate()
#11 C:\\xampp\\htdocs\\swaggertest\\vendor\\zircote\\swagger-php\\src\\Generator.php(223): OpenApi\\Generator->generate(Object(Symfony\\Component\\Finder\\Finder), Object(OpenApi\\Analysis), true)
#12 C:\\xampp\\htdocs\\swaggertest\\vendor\\zircote\\swagger-php\\src\\functions.php(56): OpenApi\\Generator::scan(Object(Symfony\\Component\\Finder\\Finder), Array)
#13 C:\\xampp\\htdocs\\swaggertest\\vendor\\darkaonline\\swagger-lume\\src\\Generator.php(25): OpenApi\\scan('C:\\\\xampp\\\\htdocs...', Array)
#14 C:\\xampp\\htdocs\\swaggertest\\vendor\\darkaonline\\swagger-lume\\src\\Console\\GenerateDocsCommand.php(32): SwaggerLume\\Generator::generateDocs()
#15 C:\\xampp\\htdocs\\swaggertest\\vendor\\illuminate\\container\\BoundMethod.php(36): SwaggerLume\\Console\\GenerateDocsCommand->handle()
#16 C:\\xampp\\htdocs\\swaggertest\\vendor\\illuminate\\container\\Util.php(41): Illuminate\\Container\\BoundMethod::Illuminate\\Container\\{closure}()
#17 C:\\xampp\\htdocs\\swaggertest\\vendor\\illuminate\\container\\BoundMethod.php(93): Illuminate\\Container\\Util::unwrapIfClosure(Object(Closure))
#18 C:\\xampp\\htdocs\\swaggertest\\vendor\\illuminate\\container\\BoundMethod.php(37): Illuminate\\Container\\BoundMethod::callBoundMethod(Object(Laravel\\Lumen\\Application), Array, Object(Closure))
#19 C:\\xampp\\htdocs\\swaggertest\\vendor\\illuminate\\container\\Container.php(651): Illuminate\\Container\\BoundMethod::call(Object(Laravel\\Lumen\\Application), Array, Array, NULL)
#20 C:\\xampp\\htdocs\\swaggertest\\vendor\\illuminate\\console\\Command.php(139): Illuminate\\Container\\Container->call(Array)
#21 C:\\xampp\\htdocs\\swaggertest\\vendor\\symfony\\console\\Command\\Command.php(308): Illuminate\\Console\\Command->execute(Object(Symfony\\Component\\Console\\Input\\ArgvInput), Object(Illuminate\\Console\\OutputStyle))
#22 C:\\xampp\\htdocs\\swaggertest\\vendor\\illuminate\\console\\Command.php(124): Symfony\\Component\\Console\\Command\\Command->run(Object(Symfony\\Component\\Console\\Input\\ArgvInput), Object(Illuminate\\Console\\OutputStyle))
#23 C:\\xampp\\htdocs\\swaggertest\\vendor\\symfony\\console\\Application.php(998): Illuminate\\Console\\Command->run(Object(Symfony\\Component\\Console\\Input\\ArgvInput), Object(Symfony\\Component\\Console\\Output\\ConsoleOutput))
#24 C:\\xampp\\htdocs\\swaggertest\\vendor\\symfony\\console\\Application.php(299): Symfony\\Component\\Console\\Application->doRunCommand(Object(SwaggerLume\\Console\\GenerateDocsCommand), Object(Symfony\\Component\\Console\\Input\\ArgvInput), Object(Symfony\\Component\\Console\\Output\\ConsoleOutput))
#25 C:\\xampp\\htdocs\\swaggertest\\vendor\\symfony\\console\\Application.php(171): Symfony\\Component\\Console\\Application->doRun(Object(Symfony\\Component\\Console\\Input\\ArgvInput), Object(Symfony\\Component\\Console\\Output\\ConsoleOutput))
#26 C:\\xampp\\htdocs\\swaggertest\\vendor\\illuminate\\console\\Application.php(102): Symfony\\Component\\Console\\Application->run(Object(Symfony\\Component\\Console\\Input\\ArgvInput), Object(Symfony\\Component\\Console\\Output\\ConsoleOutput))
#27 C:\\xampp\\htdocs\\swaggertest\\vendor\\laravel\\lumen-framework\\src\\Console\\Kernel.php(116): Illuminate\\Console\\Application->run(Object(Symfony\\Component\\Console\\Input\\ArgvInput), Object(Symfony\\Component\\Console\\Output\\ConsoleOutput))
#28 C:\\xampp\\htdocs\\swaggertest\\artisan(35): Laravel\\Lumen\\Console\\Kernel->handle(Object(Symfony\\Component\\Console\\Input\\ArgvInput), Object(Symfony\\Component\\Console\\Output\\ConsoleOutput))
#29 {main}
"} 
[2022-08-01 08:46:01] local.ERROR: Required @OA\Info() not found {"exception":"[object] (ErrorException(code: 0): Required @OA\\Info() not found at C:\\xampp\\htdocs\\swaggertest\\vendor\\zircote\\swagger-php\\src\\Logger.php:40)
[stacktrace]
#0 C:\\xampp\\htdocs\\swaggertest\\vendor\\laravel\\lumen-framework\\src\\Concerns\\RegistersExceptionHandlers.php(47): Laravel\\Lumen\\Application->handleError(512, 'Required @OA\\\\In...', 'C:\\\\xampp\\\\htdocs...', 40)
#1 [internal function]: Laravel\\Lumen\\Application->Laravel\\Lumen\\Concerns\\{closure}(512, 'Required @OA\\\\In...', 'C:\\\\xampp\\\\htdocs...', 40)
#2 C:\\xampp\\htdocs\\swaggertest\\vendor\\zircote\\swagger-php\\src\\Logger.php(40): trigger_error('Required @OA\\\\In...', 512)
#3 [internal function]: OpenApi\\Logger->OpenApi\\{closure}('Required @OA\\\\In...', 512)
#4 C:\\xampp\\htdocs\\swaggertest\\vendor\\zircote\\swagger-php\\src\\Logger.php(60): call_user_func(Object(Closure), 'Required @OA\\\\In...', 512)
#5 C:\\xampp\\htdocs\\swaggertest\\vendor\\zircote\\swagger-php\\src\\Logger\\DefaultLogger.php(22): OpenApi\\Logger::warning('Required @OA\\\\In...')
#6 C:\\xampp\\htdocs\\swaggertest\\vendor\\psr\\log\\src\\LoggerTrait.php(86): OpenApi\\Logger\\DefaultLogger->log('warning', 'Required @OA\\\\In...', Array)
#7 C:\\xampp\\htdocs\\swaggertest\\vendor\\zircote\\swagger-php\\src\\Annotations\\AbstractAnnotation.php(436): Psr\\Log\\AbstractLogger->warning('Required @OA\\\\In...')
#8 C:\\xampp\\htdocs\\swaggertest\\vendor\\zircote\\swagger-php\\src\\Annotations\\OpenApi.php(137): OpenApi\\Annotations\\AbstractAnnotation->validate(Array, Array, '#')
#9 C:\\xampp\\htdocs\\swaggertest\\vendor\\zircote\\swagger-php\\src\\Analysis.php(509): OpenApi\\Annotations\\OpenApi->validate()
#10 C:\\xampp\\htdocs\\swaggertest\\vendor\\zircote\\swagger-php\\src\\Generator.php(251): OpenApi\\Analysis->validate()
#11 C:\\xampp\\htdocs\\swaggertest\\vendor\\zircote\\swagger-php\\src\\Generator.php(223): OpenApi\\Generator->generate(Object(Symfony\\Component\\Finder\\Finder), Object(OpenApi\\Analysis), true)
#12 C:\\xampp\\htdocs\\swaggertest\\vendor\\zircote\\swagger-php\\src\\functions.php(56): OpenApi\\Generator::scan(Object(Symfony\\Component\\Finder\\Finder), Array)
#13 C:\\xampp\\htdocs\\swaggertest\\vendor\\darkaonline\\swagger-lume\\src\\Generator.php(25): OpenApi\\scan('C:\\\\xampp\\\\htdocs...', Array)
#14 C:\\xampp\\htdocs\\swaggertest\\vendor\\darkaonline\\swagger-lume\\src\\Console\\GenerateDocsCommand.php(32): SwaggerLume\\Generator::generateDocs()
#15 C:\\xampp\\htdocs\\swaggertest\\vendor\\illuminate\\container\\BoundMethod.php(36): SwaggerLume\\Console\\GenerateDocsCommand->handle()
#16 C:\\xampp\\htdocs\\swaggertest\\vendor\\illuminate\\container\\Util.php(41): Illuminate\\Container\\BoundMethod::Illuminate\\Container\\{closure}()
#17 C:\\xampp\\htdocs\\swaggertest\\vendor\\illuminate\\container\\BoundMethod.php(93): Illuminate\\Container\\Util::unwrapIfClosure(Object(Closure))
#18 C:\\xampp\\htdocs\\swaggertest\\vendor\\illuminate\\container\\BoundMethod.php(37): Illuminate\\Container\\BoundMethod::callBoundMethod(Object(Laravel\\Lumen\\Application), Array, Object(Closure))
#19 C:\\xampp\\htdocs\\swaggertest\\vendor\\illuminate\\container\\Container.php(651): Illuminate\\Container\\BoundMethod::call(Object(Laravel\\Lumen\\Application), Array, Array, NULL)
#20 C:\\xampp\\htdocs\\swaggertest\\vendor\\illuminate\\console\\Command.php(139): Illuminate\\Container\\Container->call(Array)
#21 C:\\xampp\\htdocs\\swaggertest\\vendor\\symfony\\console\\Command\\Command.php(308): Illuminate\\Console\\Command->execute(Object(Symfony\\Component\\Console\\Input\\ArgvInput), Object(Illuminate\\Console\\OutputStyle))
#22 C:\\xampp\\htdocs\\swaggertest\\vendor\\illuminate\\console\\Command.php(124): Symfony\\Component\\Console\\Command\\Command->run(Object(Symfony\\Component\\Console\\Input\\ArgvInput), Object(Illuminate\\Console\\OutputStyle))
#23 C:\\xampp\\htdocs\\swaggertest\\vendor\\symfony\\console\\Application.php(998): Illuminate\\Console\\Command->run(Object(Symfony\\Component\\Console\\Input\\ArgvInput), Object(Symfony\\Component\\Console\\Output\\ConsoleOutput))
#24 C:\\xampp\\htdocs\\swaggertest\\vendor\\symfony\\console\\Application.php(299): Symfony\\Component\\Console\\Application->doRunCommand(Object(SwaggerLume\\Console\\GenerateDocsCommand), Object(Symfony\\Component\\Console\\Input\\ArgvInput), Object(Symfony\\Component\\Console\\Output\\ConsoleOutput))
#25 C:\\xampp\\htdocs\\swaggertest\\vendor\\symfony\\console\\Application.php(171): Symfony\\Component\\Console\\Application->doRun(Object(Symfony\\Component\\Console\\Input\\ArgvInput), Object(Symfony\\Component\\Console\\Output\\ConsoleOutput))
#26 C:\\xampp\\htdocs\\swaggertest\\vendor\\illuminate\\console\\Application.php(102): Symfony\\Component\\Console\\Application->run(Object(Symfony\\Component\\Console\\Input\\ArgvInput), Object(Symfony\\Component\\Console\\Output\\ConsoleOutput))
#27 C:\\xampp\\htdocs\\swaggertest\\vendor\\laravel\\lumen-framework\\src\\Console\\Kernel.php(116): Illuminate\\Console\\Application->run(Object(Symfony\\Component\\Console\\Input\\ArgvInput), Object(Symfony\\Component\\Console\\Output\\ConsoleOutput))
#28 C:\\xampp\\htdocs\\swaggertest\\artisan(35): Laravel\\Lumen\\Console\\Kernel->handle(Object(Symfony\\Component\\Console\\Input\\ArgvInput), Object(Symfony\\Component\\Console\\Output\\ConsoleOutput))
#29 {main}
"} 
[2022-08-01 08:53:13] local.ERROR: A facade root has not been set. {"exception":"[object] (RuntimeException(code: 0): A facade root has not been set. at C:\\xampp\\htdocs\\swaggertest\\vendor\\illuminate\\support\\Facades\\Facade.php:334)
[stacktrace]
#0 C:\\xampp\\htdocs\\swaggertest\\vendor\\darkaonline\\swagger-lume\\src\\Generator.php(13): Illuminate\\Support\\Facades\\Facade::__callStatic('exists', Array)
#1 C:\\xampp\\htdocs\\swaggertest\\vendor\\darkaonline\\swagger-lume\\src\\Http\\Controllers\\SwaggerLumeController.php(41): SwaggerLume\\Generator::generateDocs()
#2 C:\\xampp\\htdocs\\swaggertest\\vendor\\illuminate\\container\\BoundMethod.php(36): SwaggerLume\\Http\\Controllers\\SwaggerLumeController->api()
#3 C:\\xampp\\htdocs\\swaggertest\\vendor\\illuminate\\container\\Util.php(41): Illuminate\\Container\\BoundMethod::Illuminate\\Container\\{closure}()
#4 C:\\xampp\\htdocs\\swaggertest\\vendor\\illuminate\\container\\BoundMethod.php(93): Illuminate\\Container\\Util::unwrapIfClosure(Object(Closure))
#5 C:\\xampp\\htdocs\\swaggertest\\vendor\\illuminate\\container\\BoundMethod.php(37): Illuminate\\Container\\BoundMethod::callBoundMethod(Object(Laravel\\Lumen\\Application), Array, Object(Closure))
#6 C:\\xampp\\htdocs\\swaggertest\\vendor\\illuminate\\container\\Container.php(651): Illuminate\\Container\\BoundMethod::call(Object(Laravel\\Lumen\\Application), Array, Array, NULL)
#7 C:\\xampp\\htdocs\\swaggertest\\vendor\\laravel\\lumen-framework\\src\\Concerns\\RoutesRequests.php(389): Illuminate\\Container\\Container->call(Array, Array)
#8 C:\\xampp\\htdocs\\swaggertest\\vendor\\laravel\\lumen-framework\\src\\Concerns\\RoutesRequests.php(355): Laravel\\Lumen\\Application->callControllerCallable(Array, Array)
#9 C:\\xampp\\htdocs\\swaggertest\\vendor\\laravel\\lumen-framework\\src\\Concerns\\RoutesRequests.php(329): Laravel\\Lumen\\Application->callLumenController(Object(SwaggerLume\\Http\\Controllers\\SwaggerLumeController), 'api', Array)
#10 C:\\xampp\\htdocs\\swaggertest\\vendor\\laravel\\lumen-framework\\src\\Concerns\\RoutesRequests.php(282): Laravel\\Lumen\\Application->callControllerAction(Array)
#11 C:\\xampp\\htdocs\\swaggertest\\vendor\\laravel\\lumen-framework\\src\\Concerns\\RoutesRequests.php(262): Laravel\\Lumen\\Application->callActionOnArrayBasedRoute(Array)
#12 C:\\xampp\\htdocs\\swaggertest\\vendor\\laravel\\lumen-framework\\src\\Concerns\\RoutesRequests.php(429): Laravel\\Lumen\\Application->Laravel\\Lumen\\Concerns\\{closure}(Object(Laravel\\Lumen\\Http\\Request))
#13 C:\\xampp\\htdocs\\swaggertest\\vendor\\laravel\\lumen-framework\\src\\Concerns\\RoutesRequests.php(263): Laravel\\Lumen\\Application->sendThroughPipeline(Array, Object(Closure))
#14 C:\\xampp\\htdocs\\swaggertest\\vendor\\laravel\\lumen-framework\\src\\Concerns\\RoutesRequests.php(169): Laravel\\Lumen\\Application->handleFoundRoute(Array)
#15 C:\\xampp\\htdocs\\swaggertest\\vendor\\laravel\\lumen-framework\\src\\Concerns\\RoutesRequests.php(429): Laravel\\Lumen\\Application->Laravel\\Lumen\\Concerns\\{closure}(Object(Laravel\\Lumen\\Http\\Request))
#16 C:\\xampp\\htdocs\\swaggertest\\vendor\\laravel\\lumen-framework\\src\\Concerns\\RoutesRequests.php(175): Laravel\\Lumen\\Application->sendThroughPipeline(Array, Object(Closure))
#17 C:\\xampp\\htdocs\\swaggertest\\vendor\\laravel\\lumen-framework\\src\\Concerns\\RoutesRequests.php(112): Laravel\\Lumen\\Application->dispatch(NULL)
#18 C:\\xampp\\htdocs\\swaggertest\\public\\index.php(28): Laravel\\Lumen\\Application->run()
#19 {main}
"} 
[2022-08-01 09:03:05] local.ERROR: $ref "#/components/schemas/" not found for @OA\JsonContent() in \App\Http\Controllers\UsersController->store() in C:\xampp\htdocs\swaggertest/app\Http\Controllers\UsersController.php on line 23 {"exception":"[object] (ErrorException(code: 0): $ref \"#/components/schemas/\" not found for @OA\\JsonContent() in \\App\\Http\\Controllers\\UsersController->store() in C:\\xampp\\htdocs\\swaggertest/app\\Http\\Controllers\\UsersController.php on line 23 at C:\\xampp\\htdocs\\swaggertest\\vendor\\zircote\\swagger-php\\src\\Logger.php:40)
[stacktrace]
#0 C:\\xampp\\htdocs\\swaggertest\\vendor\\laravel\\lumen-framework\\src\\Concerns\\RegistersExceptionHandlers.php(47): Laravel\\Lumen\\Application->handleError(512, '$ref \"#/compone...', 'C:\\\\xampp\\\\htdocs...', 40)
#1 [internal function]: Laravel\\Lumen\\Application->Laravel\\Lumen\\Concerns\\{closure}(512, '$ref \"#/compone...', 'C:\\\\xampp\\\\htdocs...', 40)
#2 C:\\xampp\\htdocs\\swaggertest\\vendor\\zircote\\swagger-php\\src\\Logger.php(40): trigger_error('$ref \"#/compone...', 512)
#3 [internal function]: OpenApi\\Logger->OpenApi\\{closure}('$ref \"#/compone...', 512)
#4 C:\\xampp\\htdocs\\swaggertest\\vendor\\zircote\\swagger-php\\src\\Logger.php(60): call_user_func(Object(Closure), '$ref \"#/compone...', 512)
#5 C:\\xampp\\htdocs\\swaggertest\\vendor\\zircote\\swagger-php\\src\\Logger\\DefaultLogger.php(22): OpenApi\\Logger::warning('$ref \"#/compone...')
#6 C:\\xampp\\htdocs\\swaggertest\\vendor\\psr\\log\\src\\LoggerTrait.php(86): OpenApi\\Logger\\DefaultLogger->log('warning', '$ref \"#/compone...', Array)
#7 C:\\xampp\\htdocs\\swaggertest\\vendor\\zircote\\swagger-php\\src\\Annotations\\AbstractAnnotation.php(415): Psr\\Log\\AbstractLogger->warning('$ref \"#/compone...', Array)
#8 C:\\xampp\\htdocs\\swaggertest\\vendor\\zircote\\swagger-php\\src\\Annotations\\Schema.php(381): OpenApi\\Annotations\\AbstractAnnotation->validate(Array, Array, 'requestBody/con...')
#9 C:\\xampp\\htdocs\\swaggertest\\vendor\\zircote\\swagger-php\\src\\Annotations\\AbstractAnnotation.php(491): OpenApi\\Annotations\\Schema->validate(Array, Array, 'requestBody/con...')
#10 C:\\xampp\\htdocs\\swaggertest\\vendor\\zircote\\swagger-php\\src\\Annotations\\AbstractAnnotation.php(462): OpenApi\\Annotations\\AbstractAnnotation::_validate(Object(OpenApi\\Annotations\\MediaType), Array, Array, 'requestBody/con...')
#11 C:\\xampp\\htdocs\\swaggertest\\vendor\\zircote\\swagger-php\\src\\Annotations\\AbstractAnnotation.php(491): OpenApi\\Annotations\\AbstractAnnotation->validate(Array, Array, 'requestBody/con...')
#12 C:\\xampp\\htdocs\\swaggertest\\vendor\\zircote\\swagger-php\\src\\Annotations\\AbstractAnnotation.php(497): OpenApi\\Annotations\\AbstractAnnotation::_validate(Array, Array, Array, 'requestBody/con...')
#13 C:\\xampp\\htdocs\\swaggertest\\vendor\\zircote\\swagger-php\\src\\Annotations\\AbstractAnnotation.php(462): OpenApi\\Annotations\\AbstractAnnotation::_validate(Object(OpenApi\\Annotations\\RequestBody), Array, Array, 'requestBody')
#14 C:\\xampp\\htdocs\\swaggertest\\vendor\\zircote\\swagger-php\\src\\Annotations\\AbstractAnnotation.php(491): OpenApi\\Annotations\\AbstractAnnotation->validate(Array, Array, 'requestBody')
#15 C:\\xampp\\htdocs\\swaggertest\\vendor\\zircote\\swagger-php\\src\\Annotations\\AbstractAnnotation.php(462): OpenApi\\Annotations\\AbstractAnnotation::_validate(Object(OpenApi\\Annotations\\Post), Array, Array, '')
#16 C:\\xampp\\htdocs\\swaggertest\\vendor\\zircote\\swagger-php\\src\\Annotations\\Operation.php(196): OpenApi\\Annotations\\AbstractAnnotation->validate(Array, Array)
#17 C:\\xampp\\htdocs\\swaggertest\\vendor\\zircote\\swagger-php\\src\\Annotations\\AbstractAnnotation.php(491): OpenApi\\Annotations\\Operation->validate(Array, Array, '#/paths/2/post')
#18 C:\\xampp\\htdocs\\swaggertest\\vendor\\zircote\\swagger-php\\src\\Annotations\\AbstractAnnotation.php(462): OpenApi\\Annotations\\AbstractAnnotation::_validate(Object(OpenApi\\Annotations\\PathItem), Array, Array, '#/paths/2')
#19 C:\\xampp\\htdocs\\swaggertest\\vendor\\zircote\\swagger-php\\src\\Annotations\\AbstractAnnotation.php(491): OpenApi\\Annotations\\AbstractAnnotation->validate(Array, Array, '#/paths/2')
#20 C:\\xampp\\htdocs\\swaggertest\\vendor\\zircote\\swagger-php\\src\\Annotations\\AbstractAnnotation.php(497): OpenApi\\Annotations\\AbstractAnnotation::_validate(Array, Array, Array, '#/paths')
#21 C:\\xampp\\htdocs\\swaggertest\\vendor\\zircote\\swagger-php\\src\\Annotations\\AbstractAnnotation.php(462): OpenApi\\Annotations\\AbstractAnnotation::_validate(Object(OpenApi\\Annotations\\OpenApi), Array, Array, '#')
#22 C:\\xampp\\htdocs\\swaggertest\\vendor\\zircote\\swagger-php\\src\\Annotations\\OpenApi.php(137): OpenApi\\Annotations\\AbstractAnnotation->validate(Array, Array, '#')
#23 C:\\xampp\\htdocs\\swaggertest\\vendor\\zircote\\swagger-php\\src\\Analysis.php(509): OpenApi\\Annotations\\OpenApi->validate()
#24 C:\\xampp\\htdocs\\swaggertest\\vendor\\zircote\\swagger-php\\src\\Generator.php(251): OpenApi\\Analysis->validate()
#25 C:\\xampp\\htdocs\\swaggertest\\vendor\\zircote\\swagger-php\\src\\Generator.php(223): OpenApi\\Generator->generate(Object(Symfony\\Component\\Finder\\Finder), Object(OpenApi\\Analysis), true)
#26 C:\\xampp\\htdocs\\swaggertest\\vendor\\zircote\\swagger-php\\src\\functions.php(56): OpenApi\\Generator::scan(Object(Symfony\\Component\\Finder\\Finder), Array)
#27 C:\\xampp\\htdocs\\swaggertest\\vendor\\darkaonline\\swagger-lume\\src\\Generator.php(25): OpenApi\\scan('C:\\\\xampp\\\\htdocs...', Array)
#28 C:\\xampp\\htdocs\\swaggertest\\vendor\\darkaonline\\swagger-lume\\src\\Http\\Controllers\\SwaggerLumeController.php(41): SwaggerLume\\Generator::generateDocs()
#29 C:\\xampp\\htdocs\\swaggertest\\vendor\\illuminate\\container\\BoundMethod.php(36): SwaggerLume\\Http\\Controllers\\SwaggerLumeController->api()
#30 C:\\xampp\\htdocs\\swaggertest\\vendor\\illuminate\\container\\Util.php(41): Illuminate\\Container\\BoundMethod::Illuminate\\Container\\{closure}()
#31 C:\\xampp\\htdocs\\swaggertest\\vendor\\illuminate\\container\\BoundMethod.php(93): Illuminate\\Container\\Util::unwrapIfClosure(Object(Closure))
#32 C:\\xampp\\htdocs\\swaggertest\\vendor\\illuminate\\container\\BoundMethod.php(37): Illuminate\\Container\\BoundMethod::callBoundMethod(Object(Laravel\\Lumen\\Application), Array, Object(Closure))
#33 C:\\xampp\\htdocs\\swaggertest\\vendor\\illuminate\\container\\Container.php(651): Illuminate\\Container\\BoundMethod::call(Object(Laravel\\Lumen\\Application), Array, Array, NULL)
#34 C:\\xampp\\htdocs\\swaggertest\\vendor\\laravel\\lumen-framework\\src\\Concerns\\RoutesRequests.php(389): Illuminate\\Container\\Container->call(Array, Array)
#35 C:\\xampp\\htdocs\\swaggertest\\vendor\\laravel\\lumen-framework\\src\\Concerns\\RoutesRequests.php(355): Laravel\\Lumen\\Application->callControllerCallable(Array, Array)
#36 C:\\xampp\\htdocs\\swaggertest\\vendor\\laravel\\lumen-framework\\src\\Concerns\\RoutesRequests.php(329): Laravel\\Lumen\\Application->callLumenController(Object(SwaggerLume\\Http\\Controllers\\SwaggerLumeController), 'api', Array)
#37 C:\\xampp\\htdocs\\swaggertest\\vendor\\laravel\\lumen-framework\\src\\Concerns\\RoutesRequests.php(282): Laravel\\Lumen\\Application->callControllerAction(Array)
#38 C:\\xampp\\htdocs\\swaggertest\\vendor\\laravel\\lumen-framework\\src\\Concerns\\RoutesRequests.php(262): Laravel\\Lumen\\Application->callActionOnArrayBasedRoute(Array)
#39 C:\\xampp\\htdocs\\swaggertest\\vendor\\laravel\\lumen-framework\\src\\Concerns\\RoutesRequests.php(429): Laravel\\Lumen\\Application->Laravel\\Lumen\\Concerns\\{closure}(Object(Laravel\\Lumen\\Http\\Request))
#40 C:\\xampp\\htdocs\\swaggertest\\vendor\\laravel\\lumen-framework\\src\\Concerns\\RoutesRequests.php(263): Laravel\\Lumen\\Application->sendThroughPipeline(Array, Object(Closure))
#41 C:\\xampp\\htdocs\\swaggertest\\vendor\\laravel\\lumen-framework\\src\\Concerns\\RoutesRequests.php(169): Laravel\\Lumen\\Application->handleFoundRoute(Array)
#42 C:\\xampp\\htdocs\\swaggertest\\vendor\\laravel\\lumen-framework\\src\\Concerns\\RoutesRequests.php(429): Laravel\\Lumen\\Application->Laravel\\Lumen\\Concerns\\{closure}(Object(Laravel\\Lumen\\Http\\Request))
#43 C:\\xampp\\htdocs\\swaggertest\\vendor\\laravel\\lumen-framework\\src\\Concerns\\RoutesRequests.php(175): Laravel\\Lumen\\Application->sendThroughPipeline(Array, Object(Closure))
#44 C:\\xampp\\htdocs\\swaggertest\\vendor\\laravel\\lumen-framework\\src\\Concerns\\RoutesRequests.php(112): Laravel\\Lumen\\Application->dispatch(NULL)
#45 C:\\xampp\\htdocs\\swaggertest\\public\\index.php(28): Laravel\\Lumen\\Application->run()
#46 {main}
"} 
[2022-08-01 09:03:07] local.ERROR: $ref "#/components/schemas/" not found for @OA\JsonContent() in \App\Http\Controllers\UsersController->store() in C:\xampp\htdocs\swaggertest/app\Http\Controllers\UsersController.php on line 23 {"exception":"[object] (ErrorException(code: 0): $ref \"#/components/schemas/\" not found for @OA\\JsonContent() in \\App\\Http\\Controllers\\UsersController->store() in C:\\xampp\\htdocs\\swaggertest/app\\Http\\Controllers\\UsersController.php on line 23 at C:\\xampp\\htdocs\\swaggertest\\vendor\\zircote\\swagger-php\\src\\Logger.php:40)
[stacktrace]
#0 C:\\xampp\\htdocs\\swaggertest\\vendor\\laravel\\lumen-framework\\src\\Concerns\\RegistersExceptionHandlers.php(47): Laravel\\Lumen\\Application->handleError(512, '$ref \"#/compone...', 'C:\\\\xampp\\\\htdocs...', 40)
#1 [internal function]: Laravel\\Lumen\\Application->Laravel\\Lumen\\Concerns\\{closure}(512, '$ref \"#/compone...', 'C:\\\\xampp\\\\htdocs...', 40)
#2 C:\\xampp\\htdocs\\swaggertest\\vendor\\zircote\\swagger-php\\src\\Logger.php(40): trigger_error('$ref \"#/compone...', 512)
#3 [internal function]: OpenApi\\Logger->OpenApi\\{closure}('$ref \"#/compone...', 512)
#4 C:\\xampp\\htdocs\\swaggertest\\vendor\\zircote\\swagger-php\\src\\Logger.php(60): call_user_func(Object(Closure), '$ref \"#/compone...', 512)
#5 C:\\xampp\\htdocs\\swaggertest\\vendor\\zircote\\swagger-php\\src\\Logger\\DefaultLogger.php(22): OpenApi\\Logger::warning('$ref \"#/compone...')
#6 C:\\xampp\\htdocs\\swaggertest\\vendor\\psr\\log\\src\\LoggerTrait.php(86): OpenApi\\Logger\\DefaultLogger->log('warning', '$ref \"#/compone...', Array)
#7 C:\\xampp\\htdocs\\swaggertest\\vendor\\zircote\\swagger-php\\src\\Annotations\\AbstractAnnotation.php(415): Psr\\Log\\AbstractLogger->warning('$ref \"#/compone...', Array)
#8 C:\\xampp\\htdocs\\swaggertest\\vendor\\zircote\\swagger-php\\src\\Annotations\\Schema.php(381): OpenApi\\Annotations\\AbstractAnnotation->validate(Array, Array, 'requestBody/con...')
#9 C:\\xampp\\htdocs\\swaggertest\\vendor\\zircote\\swagger-php\\src\\Annotations\\AbstractAnnotation.php(491): OpenApi\\Annotations\\Schema->validate(Array, Array, 'requestBody/con...')
#10 C:\\xampp\\htdocs\\swaggertest\\vendor\\zircote\\swagger-php\\src\\Annotations\\AbstractAnnotation.php(462): OpenApi\\Annotations\\AbstractAnnotation::_validate(Object(OpenApi\\Annotations\\MediaType), Array, Array, 'requestBody/con...')
#11 C:\\xampp\\htdocs\\swaggertest\\vendor\\zircote\\swagger-php\\src\\Annotations\\AbstractAnnotation.php(491): OpenApi\\Annotations\\AbstractAnnotation->validate(Array, Array, 'requestBody/con...')
#12 C:\\xampp\\htdocs\\swaggertest\\vendor\\zircote\\swagger-php\\src\\Annotations\\AbstractAnnotation.php(497): OpenApi\\Annotations\\AbstractAnnotation::_validate(Array, Array, Array, 'requestBody/con...')
#13 C:\\xampp\\htdocs\\swaggertest\\vendor\\zircote\\swagger-php\\src\\Annotations\\AbstractAnnotation.php(462): OpenApi\\Annotations\\AbstractAnnotation::_validate(Object(OpenApi\\Annotations\\RequestBody), Array, Array, 'requestBody')
#14 C:\\xampp\\htdocs\\swaggertest\\vendor\\zircote\\swagger-php\\src\\Annotations\\AbstractAnnotation.php(491): OpenApi\\Annotations\\AbstractAnnotation->validate(Array, Array, 'requestBody')
#15 C:\\xampp\\htdocs\\swaggertest\\vendor\\zircote\\swagger-php\\src\\Annotations\\AbstractAnnotation.php(462): OpenApi\\Annotations\\AbstractAnnotation::_validate(Object(OpenApi\\Annotations\\Post), Array, Array, '')
#16 C:\\xampp\\htdocs\\swaggertest\\vendor\\zircote\\swagger-php\\src\\Annotations\\Operation.php(196): OpenApi\\Annotations\\AbstractAnnotation->validate(Array, Array)
#17 C:\\xampp\\htdocs\\swaggertest\\vendor\\zircote\\swagger-php\\src\\Annotations\\AbstractAnnotation.php(491): OpenApi\\Annotations\\Operation->validate(Array, Array, '#/paths/2/post')
#18 C:\\xampp\\htdocs\\swaggertest\\vendor\\zircote\\swagger-php\\src\\Annotations\\AbstractAnnotation.php(462): OpenApi\\Annotations\\AbstractAnnotation::_validate(Object(OpenApi\\Annotations\\PathItem), Array, Array, '#/paths/2')
#19 C:\\xampp\\htdocs\\swaggertest\\vendor\\zircote\\swagger-php\\src\\Annotations\\AbstractAnnotation.php(491): OpenApi\\Annotations\\AbstractAnnotation->validate(Array, Array, '#/paths/2')
#20 C:\\xampp\\htdocs\\swaggertest\\vendor\\zircote\\swagger-php\\src\\Annotations\\AbstractAnnotation.php(497): OpenApi\\Annotations\\AbstractAnnotation::_validate(Array, Array, Array, '#/paths')
#21 C:\\xampp\\htdocs\\swaggertest\\vendor\\zircote\\swagger-php\\src\\Annotations\\AbstractAnnotation.php(462): OpenApi\\Annotations\\AbstractAnnotation::_validate(Object(OpenApi\\Annotations\\OpenApi), Array, Array, '#')
#22 C:\\xampp\\htdocs\\swaggertest\\vendor\\zircote\\swagger-php\\src\\Annotations\\OpenApi.php(137): OpenApi\\Annotations\\AbstractAnnotation->validate(Array, Array, '#')
#23 C:\\xampp\\htdocs\\swaggertest\\vendor\\zircote\\swagger-php\\src\\Analysis.php(509): OpenApi\\Annotations\\OpenApi->validate()
#24 C:\\xampp\\htdocs\\swaggertest\\vendor\\zircote\\swagger-php\\src\\Generator.php(251): OpenApi\\Analysis->validate()
#25 C:\\xampp\\htdocs\\swaggertest\\vendor\\zircote\\swagger-php\\src\\Generator.php(223): OpenApi\\Generator->generate(Object(Symfony\\Component\\Finder\\Finder), Object(OpenApi\\Analysis), true)
#26 C:\\xampp\\htdocs\\swaggertest\\vendor\\zircote\\swagger-php\\src\\functions.php(56): OpenApi\\Generator::scan(Object(Symfony\\Component\\Finder\\Finder), Array)
#27 C:\\xampp\\htdocs\\swaggertest\\vendor\\darkaonline\\swagger-lume\\src\\Generator.php(25): OpenApi\\scan('C:\\\\xampp\\\\htdocs...', Array)
#28 C:\\xampp\\htdocs\\swaggertest\\vendor\\darkaonline\\swagger-lume\\src\\Http\\Controllers\\SwaggerLumeController.php(41): SwaggerLume\\Generator::generateDocs()
#29 C:\\xampp\\htdocs\\swaggertest\\vendor\\illuminate\\container\\BoundMethod.php(36): SwaggerLume\\Http\\Controllers\\SwaggerLumeController->api()
#30 C:\\xampp\\htdocs\\swaggertest\\vendor\\illuminate\\container\\Util.php(41): Illuminate\\Container\\BoundMethod::Illuminate\\Container\\{closure}()
#31 C:\\xampp\\htdocs\\swaggertest\\vendor\\illuminate\\container\\BoundMethod.php(93): Illuminate\\Container\\Util::unwrapIfClosure(Object(Closure))
#32 C:\\xampp\\htdocs\\swaggertest\\vendor\\illuminate\\container\\BoundMethod.php(37): Illuminate\\Container\\BoundMethod::callBoundMethod(Object(Laravel\\Lumen\\Application), Array, Object(Closure))
#33 C:\\xampp\\htdocs\\swaggertest\\vendor\\illuminate\\container\\Container.php(651): Illuminate\\Container\\BoundMethod::call(Object(Laravel\\Lumen\\Application), Array, Array, NULL)
#34 C:\\xampp\\htdocs\\swaggertest\\vendor\\laravel\\lumen-framework\\src\\Concerns\\RoutesRequests.php(389): Illuminate\\Container\\Container->call(Array, Array)
#35 C:\\xampp\\htdocs\\swaggertest\\vendor\\laravel\\lumen-framework\\src\\Concerns\\RoutesRequests.php(355): Laravel\\Lumen\\Application->callControllerCallable(Array, Array)
#36 C:\\xampp\\htdocs\\swaggertest\\vendor\\laravel\\lumen-framework\\src\\Concerns\\RoutesRequests.php(329): Laravel\\Lumen\\Application->callLumenController(Object(SwaggerLume\\Http\\Controllers\\SwaggerLumeController), 'api', Array)
#37 C:\\xampp\\htdocs\\swaggertest\\vendor\\laravel\\lumen-framework\\src\\Concerns\\RoutesRequests.php(282): Laravel\\Lumen\\Application->callControllerAction(Array)
#38 C:\\xampp\\htdocs\\swaggertest\\vendor\\laravel\\lumen-framework\\src\\Concerns\\RoutesRequests.php(262): Laravel\\Lumen\\Application->callActionOnArrayBasedRoute(Array)
#39 C:\\xampp\\htdocs\\swaggertest\\vendor\\laravel\\lumen-framework\\src\\Concerns\\RoutesRequests.php(429): Laravel\\Lumen\\Application->Laravel\\Lumen\\Concerns\\{closure}(Object(Laravel\\Lumen\\Http\\Request))
#40 C:\\xampp\\htdocs\\swaggertest\\vendor\\laravel\\lumen-framework\\src\\Concerns\\RoutesRequests.php(263): Laravel\\Lumen\\Application->sendThroughPipeline(Array, Object(Closure))
#41 C:\\xampp\\htdocs\\swaggertest\\vendor\\laravel\\lumen-framework\\src\\Concerns\\RoutesRequests.php(169): Laravel\\Lumen\\Application->handleFoundRoute(Array)
#42 C:\\xampp\\htdocs\\swaggertest\\vendor\\laravel\\lumen-framework\\src\\Concerns\\RoutesRequests.php(429): Laravel\\Lumen\\Application->Laravel\\Lumen\\Concerns\\{closure}(Object(Laravel\\Lumen\\Http\\Request))
#43 C:\\xampp\\htdocs\\swaggertest\\vendor\\laravel\\lumen-framework\\src\\Concerns\\RoutesRequests.php(175): Laravel\\Lumen\\Application->sendThroughPipeline(Array, Object(Closure))
#44 C:\\xampp\\htdocs\\swaggertest\\vendor\\laravel\\lumen-framework\\src\\Concerns\\RoutesRequests.php(112): Laravel\\Lumen\\Application->dispatch(NULL)
#45 C:\\xampp\\htdocs\\swaggertest\\public\\index.php(28): Laravel\\Lumen\\Application->run()
#46 {main}
"} 
[2022-08-01 09:06:11] local.ERROR: $ref "#/components/schemas/" not found for @OA\JsonContent() in \App\Http\Controllers\UsersController->store() in C:\xampp\htdocs\swaggertest/app\Http\Controllers\UsersController.php on line 23 {"exception":"[object] (ErrorException(code: 0): $ref \"#/components/schemas/\" not found for @OA\\JsonContent() in \\App\\Http\\Controllers\\UsersController->store() in C:\\xampp\\htdocs\\swaggertest/app\\Http\\Controllers\\UsersController.php on line 23 at C:\\xampp\\htdocs\\swaggertest\\vendor\\zircote\\swagger-php\\src\\Logger.php:40)
[stacktrace]
#0 C:\\xampp\\htdocs\\swaggertest\\vendor\\laravel\\lumen-framework\\src\\Concerns\\RegistersExceptionHandlers.php(47): Laravel\\Lumen\\Application->handleError(512, '$ref \"#/compone...', 'C:\\\\xampp\\\\htdocs...', 40)
#1 [internal function]: Laravel\\Lumen\\Application->Laravel\\Lumen\\Concerns\\{closure}(512, '$ref \"#/compone...', 'C:\\\\xampp\\\\htdocs...', 40)
#2 C:\\xampp\\htdocs\\swaggertest\\vendor\\zircote\\swagger-php\\src\\Logger.php(40): trigger_error('$ref \"#/compone...', 512)
#3 [internal function]: OpenApi\\Logger->OpenApi\\{closure}('$ref \"#/compone...', 512)
#4 C:\\xampp\\htdocs\\swaggertest\\vendor\\zircote\\swagger-php\\src\\Logger.php(60): call_user_func(Object(Closure), '$ref \"#/compone...', 512)
#5 C:\\xampp\\htdocs\\swaggertest\\vendor\\zircote\\swagger-php\\src\\Logger\\DefaultLogger.php(22): OpenApi\\Logger::warning('$ref \"#/compone...')
#6 C:\\xampp\\htdocs\\swaggertest\\vendor\\psr\\log\\src\\LoggerTrait.php(86): OpenApi\\Logger\\DefaultLogger->log('warning', '$ref \"#/compone...', Array)
#7 C:\\xampp\\htdocs\\swaggertest\\vendor\\zircote\\swagger-php\\src\\Annotations\\AbstractAnnotation.php(415): Psr\\Log\\AbstractLogger->warning('$ref \"#/compone...', Array)
#8 C:\\xampp\\htdocs\\swaggertest\\vendor\\zircote\\swagger-php\\src\\Annotations\\Schema.php(381): OpenApi\\Annotations\\AbstractAnnotation->validate(Array, Array, 'requestBody/con...')
#9 C:\\xampp\\htdocs\\swaggertest\\vendor\\zircote\\swagger-php\\src\\Annotations\\AbstractAnnotation.php(491): OpenApi\\Annotations\\Schema->validate(Array, Array, 'requestBody/con...')
#10 C:\\xampp\\htdocs\\swaggertest\\vendor\\zircote\\swagger-php\\src\\Annotations\\AbstractAnnotation.php(462): OpenApi\\Annotations\\AbstractAnnotation::_validate(Object(OpenApi\\Annotations\\MediaType), Array, Array, 'requestBody/con...')
#11 C:\\xampp\\htdocs\\swaggertest\\vendor\\zircote\\swagger-php\\src\\Annotations\\AbstractAnnotation.php(491): OpenApi\\Annotations\\AbstractAnnotation->validate(Array, Array, 'requestBody/con...')
#12 C:\\xampp\\htdocs\\swaggertest\\vendor\\zircote\\swagger-php\\src\\Annotations\\AbstractAnnotation.php(497): OpenApi\\Annotations\\AbstractAnnotation::_validate(Array, Array, Array, 'requestBody/con...')
#13 C:\\xampp\\htdocs\\swaggertest\\vendor\\zircote\\swagger-php\\src\\Annotations\\AbstractAnnotation.php(462): OpenApi\\Annotations\\AbstractAnnotation::_validate(Object(OpenApi\\Annotations\\RequestBody), Array, Array, 'requestBody')
#14 C:\\xampp\\htdocs\\swaggertest\\vendor\\zircote\\swagger-php\\src\\Annotations\\AbstractAnnotation.php(491): OpenApi\\Annotations\\AbstractAnnotation->validate(Array, Array, 'requestBody')
#15 C:\\xampp\\htdocs\\swaggertest\\vendor\\zircote\\swagger-php\\src\\Annotations\\AbstractAnnotation.php(462): OpenApi\\Annotations\\AbstractAnnotation::_validate(Object(OpenApi\\Annotations\\Post), Array, Array, '')
#16 C:\\xampp\\htdocs\\swaggertest\\vendor\\zircote\\swagger-php\\src\\Annotations\\Operation.php(196): OpenApi\\Annotations\\AbstractAnnotation->validate(Array, Array)
#17 C:\\xampp\\htdocs\\swaggertest\\vendor\\zircote\\swagger-php\\src\\Annotations\\AbstractAnnotation.php(491): OpenApi\\Annotations\\Operation->validate(Array, Array, '#/paths/2/post')
#18 C:\\xampp\\htdocs\\swaggertest\\vendor\\zircote\\swagger-php\\src\\Annotations\\AbstractAnnotation.php(462): OpenApi\\Annotations\\AbstractAnnotation::_validate(Object(OpenApi\\Annotations\\PathItem), Array, Array, '#/paths/2')
#19 C:\\xampp\\htdocs\\swaggertest\\vendor\\zircote\\swagger-php\\src\\Annotations\\AbstractAnnotation.php(491): OpenApi\\Annotations\\AbstractAnnotation->validate(Array, Array, '#/paths/2')
#20 C:\\xampp\\htdocs\\swaggertest\\vendor\\zircote\\swagger-php\\src\\Annotations\\AbstractAnnotation.php(497): OpenApi\\Annotations\\AbstractAnnotation::_validate(Array, Array, Array, '#/paths')
#21 C:\\xampp\\htdocs\\swaggertest\\vendor\\zircote\\swagger-php\\src\\Annotations\\AbstractAnnotation.php(462): OpenApi\\Annotations\\AbstractAnnotation::_validate(Object(OpenApi\\Annotations\\OpenApi), Array, Array, '#')
#22 C:\\xampp\\htdocs\\swaggertest\\vendor\\zircote\\swagger-php\\src\\Annotations\\OpenApi.php(137): OpenApi\\Annotations\\AbstractAnnotation->validate(Array, Array, '#')
#23 C:\\xampp\\htdocs\\swaggertest\\vendor\\zircote\\swagger-php\\src\\Analysis.php(509): OpenApi\\Annotations\\OpenApi->validate()
#24 C:\\xampp\\htdocs\\swaggertest\\vendor\\zircote\\swagger-php\\src\\Generator.php(251): OpenApi\\Analysis->validate()
#25 C:\\xampp\\htdocs\\swaggertest\\vendor\\zircote\\swagger-php\\src\\Generator.php(223): OpenApi\\Generator->generate(Object(Symfony\\Component\\Finder\\Finder), Object(OpenApi\\Analysis), true)
#26 C:\\xampp\\htdocs\\swaggertest\\vendor\\zircote\\swagger-php\\src\\functions.php(56): OpenApi\\Generator::scan(Object(Symfony\\Component\\Finder\\Finder), Array)
#27 C:\\xampp\\htdocs\\swaggertest\\vendor\\darkaonline\\swagger-lume\\src\\Generator.php(25): OpenApi\\scan('C:\\\\xampp\\\\htdocs...', Array)
#28 C:\\xampp\\htdocs\\swaggertest\\vendor\\darkaonline\\swagger-lume\\src\\Http\\Controllers\\SwaggerLumeController.php(41): SwaggerLume\\Generator::generateDocs()
#29 C:\\xampp\\htdocs\\swaggertest\\vendor\\illuminate\\container\\BoundMethod.php(36): SwaggerLume\\Http\\Controllers\\SwaggerLumeController->api()
#30 C:\\xampp\\htdocs\\swaggertest\\vendor\\illuminate\\container\\Util.php(41): Illuminate\\Container\\BoundMethod::Illuminate\\Container\\{closure}()
#31 C:\\xampp\\htdocs\\swaggertest\\vendor\\illuminate\\container\\BoundMethod.php(93): Illuminate\\Container\\Util::unwrapIfClosure(Object(Closure))
#32 C:\\xampp\\htdocs\\swaggertest\\vendor\\illuminate\\container\\BoundMethod.php(37): Illuminate\\Container\\BoundMethod::callBoundMethod(Object(Laravel\\Lumen\\Application), Array, Object(Closure))
#33 C:\\xampp\\htdocs\\swaggertest\\vendor\\illuminate\\container\\Container.php(651): Illuminate\\Container\\BoundMethod::call(Object(Laravel\\Lumen\\Application), Array, Array, NULL)
#34 C:\\xampp\\htdocs\\swaggertest\\vendor\\laravel\\lumen-framework\\src\\Concerns\\RoutesRequests.php(389): Illuminate\\Container\\Container->call(Array, Array)
#35 C:\\xampp\\htdocs\\swaggertest\\vendor\\laravel\\lumen-framework\\src\\Concerns\\RoutesRequests.php(355): Laravel\\Lumen\\Application->callControllerCallable(Array, Array)
#36 C:\\xampp\\htdocs\\swaggertest\\vendor\\laravel\\lumen-framework\\src\\Concerns\\RoutesRequests.php(329): Laravel\\Lumen\\Application->callLumenController(Object(SwaggerLume\\Http\\Controllers\\SwaggerLumeController), 'api', Array)
#37 C:\\xampp\\htdocs\\swaggertest\\vendor\\laravel\\lumen-framework\\src\\Concerns\\RoutesRequests.php(282): Laravel\\Lumen\\Application->callControllerAction(Array)
#38 C:\\xampp\\htdocs\\swaggertest\\vendor\\laravel\\lumen-framework\\src\\Concerns\\RoutesRequests.php(262): Laravel\\Lumen\\Application->callActionOnArrayBasedRoute(Array)
#39 C:\\xampp\\htdocs\\swaggertest\\vendor\\laravel\\lumen-framework\\src\\Concerns\\RoutesRequests.php(429): Laravel\\Lumen\\Application->Laravel\\Lumen\\Concerns\\{closure}(Object(Laravel\\Lumen\\Http\\Request))
#40 C:\\xampp\\htdocs\\swaggertest\\vendor\\laravel\\lumen-framework\\src\\Concerns\\RoutesRequests.php(263): Laravel\\Lumen\\Application->sendThroughPipeline(Array, Object(Closure))
#41 C:\\xampp\\htdocs\\swaggertest\\vendor\\laravel\\lumen-framework\\src\\Concerns\\RoutesRequests.php(169): Laravel\\Lumen\\Application->handleFoundRoute(Array)
#42 C:\\xampp\\htdocs\\swaggertest\\vendor\\laravel\\lumen-framework\\src\\Concerns\\RoutesRequests.php(429): Laravel\\Lumen\\Application->Laravel\\Lumen\\Concerns\\{closure}(Object(Laravel\\Lumen\\Http\\Request))
#43 C:\\xampp\\htdocs\\swaggertest\\vendor\\laravel\\lumen-framework\\src\\Concerns\\RoutesRequests.php(175): Laravel\\Lumen\\Application->sendThroughPipeline(Array, Object(Closure))
#44 C:\\xampp\\htdocs\\swaggertest\\vendor\\laravel\\lumen-framework\\src\\Concerns\\RoutesRequests.php(112): Laravel\\Lumen\\Application->dispatch(NULL)
#45 C:\\xampp\\htdocs\\swaggertest\\public\\index.php(28): Laravel\\Lumen\\Application->run()
#46 {main}
"} 
[2022-08-01 09:08:25] local.ERROR: $ref "#/components/schemas/" not found for @OA\JsonContent() in \App\Http\Controllers\UsersController->store() in C:\xampp\htdocs\swaggertest/app\Http\Controllers\UsersController.php on line 23 {"exception":"[object] (ErrorException(code: 0): $ref \"#/components/schemas/\" not found for @OA\\JsonContent() in \\App\\Http\\Controllers\\UsersController->store() in C:\\xampp\\htdocs\\swaggertest/app\\Http\\Controllers\\UsersController.php on line 23 at C:\\xampp\\htdocs\\swaggertest\\vendor\\zircote\\swagger-php\\src\\Logger.php:40)
[stacktrace]
#0 C:\\xampp\\htdocs\\swaggertest\\vendor\\laravel\\lumen-framework\\src\\Concerns\\RegistersExceptionHandlers.php(47): Laravel\\Lumen\\Application->handleError(512, '$ref \"#/compone...', 'C:\\\\xampp\\\\htdocs...', 40)
#1 [internal function]: Laravel\\Lumen\\Application->Laravel\\Lumen\\Concerns\\{closure}(512, '$ref \"#/compone...', 'C:\\\\xampp\\\\htdocs...', 40)
#2 C:\\xampp\\htdocs\\swaggertest\\vendor\\zircote\\swagger-php\\src\\Logger.php(40): trigger_error('$ref \"#/compone...', 512)
#3 [internal function]: OpenApi\\Logger->OpenApi\\{closure}('$ref \"#/compone...', 512)
#4 C:\\xampp\\htdocs\\swaggertest\\vendor\\zircote\\swagger-php\\src\\Logger.php(60): call_user_func(Object(Closure), '$ref \"#/compone...', 512)
#5 C:\\xampp\\htdocs\\swaggertest\\vendor\\zircote\\swagger-php\\src\\Logger\\DefaultLogger.php(22): OpenApi\\Logger::warning('$ref \"#/compone...')
#6 C:\\xampp\\htdocs\\swaggertest\\vendor\\psr\\log\\src\\LoggerTrait.php(86): OpenApi\\Logger\\DefaultLogger->log('warning', '$ref \"#/compone...', Array)
#7 C:\\xampp\\htdocs\\swaggertest\\vendor\\zircote\\swagger-php\\src\\Annotations\\AbstractAnnotation.php(415): Psr\\Log\\AbstractLogger->warning('$ref \"#/compone...', Array)
#8 C:\\xampp\\htdocs\\swaggertest\\vendor\\zircote\\swagger-php\\src\\Annotations\\Schema.php(381): OpenApi\\Annotations\\AbstractAnnotation->validate(Array, Array, 'requestBody/con...')
#9 C:\\xampp\\htdocs\\swaggertest\\vendor\\zircote\\swagger-php\\src\\Annotations\\AbstractAnnotation.php(491): OpenApi\\Annotations\\Schema->validate(Array, Array, 'requestBody/con...')
#10 C:\\xampp\\htdocs\\swaggertest\\vendor\\zircote\\swagger-php\\src\\Annotations\\AbstractAnnotation.php(462): OpenApi\\Annotations\\AbstractAnnotation::_validate(Object(OpenApi\\Annotations\\MediaType), Array, Array, 'requestBody/con...')
#11 C:\\xampp\\htdocs\\swaggertest\\vendor\\zircote\\swagger-php\\src\\Annotations\\AbstractAnnotation.php(491): OpenApi\\Annotations\\AbstractAnnotation->validate(Array, Array, 'requestBody/con...')
#12 C:\\xampp\\htdocs\\swaggertest\\vendor\\zircote\\swagger-php\\src\\Annotations\\AbstractAnnotation.php(497): OpenApi\\Annotations\\AbstractAnnotation::_validate(Array, Array, Array, 'requestBody/con...')
#13 C:\\xampp\\htdocs\\swaggertest\\vendor\\zircote\\swagger-php\\src\\Annotations\\AbstractAnnotation.php(462): OpenApi\\Annotations\\AbstractAnnotation::_validate(Object(OpenApi\\Annotations\\RequestBody), Array, Array, 'requestBody')
#14 C:\\xampp\\htdocs\\swaggertest\\vendor\\zircote\\swagger-php\\src\\Annotations\\AbstractAnnotation.php(491): OpenApi\\Annotations\\AbstractAnnotation->validate(Array, Array, 'requestBody')
#15 C:\\xampp\\htdocs\\swaggertest\\vendor\\zircote\\swagger-php\\src\\Annotations\\AbstractAnnotation.php(462): OpenApi\\Annotations\\AbstractAnnotation::_validate(Object(OpenApi\\Annotations\\Post), Array, Array, '')
#16 C:\\xampp\\htdocs\\swaggertest\\vendor\\zircote\\swagger-php\\src\\Annotations\\Operation.php(196): OpenApi\\Annotations\\AbstractAnnotation->validate(Array, Array)
#17 C:\\xampp\\htdocs\\swaggertest\\vendor\\zircote\\swagger-php\\src\\Annotations\\AbstractAnnotation.php(491): OpenApi\\Annotations\\Operation->validate(Array, Array, '#/paths/2/post')
#18 C:\\xampp\\htdocs\\swaggertest\\vendor\\zircote\\swagger-php\\src\\Annotations\\AbstractAnnotation.php(462): OpenApi\\Annotations\\AbstractAnnotation::_validate(Object(OpenApi\\Annotations\\PathItem), Array, Array, '#/paths/2')
#19 C:\\xampp\\htdocs\\swaggertest\\vendor\\zircote\\swagger-php\\src\\Annotations\\AbstractAnnotation.php(491): OpenApi\\Annotations\\AbstractAnnotation->validate(Array, Array, '#/paths/2')
#20 C:\\xampp\\htdocs\\swaggertest\\vendor\\zircote\\swagger-php\\src\\Annotations\\AbstractAnnotation.php(497): OpenApi\\Annotations\\AbstractAnnotation::_validate(Array, Array, Array, '#/paths')
#21 C:\\xampp\\htdocs\\swaggertest\\vendor\\zircote\\swagger-php\\src\\Annotations\\AbstractAnnotation.php(462): OpenApi\\Annotations\\AbstractAnnotation::_validate(Object(OpenApi\\Annotations\\OpenApi), Array, Array, '#')
#22 C:\\xampp\\htdocs\\swaggertest\\vendor\\zircote\\swagger-php\\src\\Annotations\\OpenApi.php(137): OpenApi\\Annotations\\AbstractAnnotation->validate(Array, Array, '#')
#23 C:\\xampp\\htdocs\\swaggertest\\vendor\\zircote\\swagger-php\\src\\Analysis.php(509): OpenApi\\Annotations\\OpenApi->validate()
#24 C:\\xampp\\htdocs\\swaggertest\\vendor\\zircote\\swagger-php\\src\\Generator.php(251): OpenApi\\Analysis->validate()
#25 C:\\xampp\\htdocs\\swaggertest\\vendor\\zircote\\swagger-php\\src\\Generator.php(223): OpenApi\\Generator->generate(Object(Symfony\\Component\\Finder\\Finder), Object(OpenApi\\Analysis), true)
#26 C:\\xampp\\htdocs\\swaggertest\\vendor\\zircote\\swagger-php\\src\\functions.php(56): OpenApi\\Generator::scan(Object(Symfony\\Component\\Finder\\Finder), Array)
#27 C:\\xampp\\htdocs\\swaggertest\\vendor\\darkaonline\\swagger-lume\\src\\Generator.php(25): OpenApi\\scan('C:\\\\xampp\\\\htdocs...', Array)
#28 C:\\xampp\\htdocs\\swaggertest\\vendor\\darkaonline\\swagger-lume\\src\\Http\\Controllers\\SwaggerLumeController.php(41): SwaggerLume\\Generator::generateDocs()
#29 C:\\xampp\\htdocs\\swaggertest\\vendor\\illuminate\\container\\BoundMethod.php(36): SwaggerLume\\Http\\Controllers\\SwaggerLumeController->api()
#30 C:\\xampp\\htdocs\\swaggertest\\vendor\\illuminate\\container\\Util.php(41): Illuminate\\Container\\BoundMethod::Illuminate\\Container\\{closure}()
#31 C:\\xampp\\htdocs\\swaggertest\\vendor\\illuminate\\container\\BoundMethod.php(93): Illuminate\\Container\\Util::unwrapIfClosure(Object(Closure))
#32 C:\\xampp\\htdocs\\swaggertest\\vendor\\illuminate\\container\\BoundMethod.php(37): Illuminate\\Container\\BoundMethod::callBoundMethod(Object(Laravel\\Lumen\\Application), Array, Object(Closure))
#33 C:\\xampp\\htdocs\\swaggertest\\vendor\\illuminate\\container\\Container.php(651): Illuminate\\Container\\BoundMethod::call(Object(Laravel\\Lumen\\Application), Array, Array, NULL)
#34 C:\\xampp\\htdocs\\swaggertest\\vendor\\laravel\\lumen-framework\\src\\Concerns\\RoutesRequests.php(389): Illuminate\\Container\\Container->call(Array, Array)
#35 C:\\xampp\\htdocs\\swaggertest\\vendor\\laravel\\lumen-framework\\src\\Concerns\\RoutesRequests.php(355): Laravel\\Lumen\\Application->callControllerCallable(Array, Array)
#36 C:\\xampp\\htdocs\\swaggertest\\vendor\\laravel\\lumen-framework\\src\\Concerns\\RoutesRequests.php(329): Laravel\\Lumen\\Application->callLumenController(Object(SwaggerLume\\Http\\Controllers\\SwaggerLumeController), 'api', Array)
#37 C:\\xampp\\htdocs\\swaggertest\\vendor\\laravel\\lumen-framework\\src\\Concerns\\RoutesRequests.php(282): Laravel\\Lumen\\Application->callControllerAction(Array)
#38 C:\\xampp\\htdocs\\swaggertest\\vendor\\laravel\\lumen-framework\\src\\Concerns\\RoutesRequests.php(262): Laravel\\Lumen\\Application->callActionOnArrayBasedRoute(Array)
#39 C:\\xampp\\htdocs\\swaggertest\\vendor\\laravel\\lumen-framework\\src\\Concerns\\RoutesRequests.php(429): Laravel\\Lumen\\Application->Laravel\\Lumen\\Concerns\\{closure}(Object(Laravel\\Lumen\\Http\\Request))
#40 C:\\xampp\\htdocs\\swaggertest\\vendor\\laravel\\lumen-framework\\src\\Concerns\\RoutesRequests.php(263): Laravel\\Lumen\\Application->sendThroughPipeline(Array, Object(Closure))
#41 C:\\xampp\\htdocs\\swaggertest\\vendor\\laravel\\lumen-framework\\src\\Concerns\\RoutesRequests.php(169): Laravel\\Lumen\\Application->handleFoundRoute(Array)
#42 C:\\xampp\\htdocs\\swaggertest\\vendor\\laravel\\lumen-framework\\src\\Concerns\\RoutesRequests.php(429): Laravel\\Lumen\\Application->Laravel\\Lumen\\Concerns\\{closure}(Object(Laravel\\Lumen\\Http\\Request))
#43 C:\\xampp\\htdocs\\swaggertest\\vendor\\laravel\\lumen-framework\\src\\Concerns\\RoutesRequests.php(175): Laravel\\Lumen\\Application->sendThroughPipeline(Array, Object(Closure))
#44 C:\\xampp\\htdocs\\swaggertest\\vendor\\laravel\\lumen-framework\\src\\Concerns\\RoutesRequests.php(112): Laravel\\Lumen\\Application->dispatch(NULL)
#45 C:\\xampp\\htdocs\\swaggertest\\public\\index.php(28): Laravel\\Lumen\\Application->run()
#46 {main}
"} 
